[ 2017-12-07T16:36:58+08:00 ] 127.0.0.1 /2017/resume/
INFO: [ app_begin ] --START--
INFO: Run ReadHtmlCache Behavior [ RunTime:0.001487s ]
INFO: [ app_begin ] --END-- [ RunTime:0.001612s ]
INFO: [ view_parse ] --START--
INFO: Run ParseTemplate Behavior [ RunTime:0.017823s ]
INFO: [ view_parse ] --END-- [ RunTime:0.017958s ]
INFO: [ view_filter ] --START--
INFO: Run ContentReplace Behavior [ RunTime:0.001932s ]
INFO: Run TokenBuild Behavior [ RunTime:0.002095s ]
INFO: Run WriteHtmlCache Behavior [ RunTime:0.001962s ]
INFO: Run ShowRuntime Behavior [ RunTime:0.003241s ]
INFO: [ view_filter ] --END-- [ RunTime:0.009516s ]
INFO: [ view_end ] --START--
INFO: Run ShowPageTrace Behavior [ RunTime:0.002335s ]
INFO: [ view_end ] --END-- [ RunTime:0.002423s ]

[ 2017-12-07T16:37:12+08:00 ] 127.0.0.1 /2017/resume/index
INFO: [ app_begin ] --START--
INFO: Run ReadHtmlCache Behavior [ RunTime:0.000659s ]
INFO: [ app_begin ] --END-- [ RunTime:0.000789s ]
INFO: [ view_parse ] --START--
INFO: Run ParseTemplate Behavior [ RunTime:0.003299s ]
INFO: [ view_parse ] --END-- [ RunTime:0.003431s ]
INFO: [ view_filter ] --START--
INFO: Run ContentReplace Behavior [ RunTime:0.001886s ]
INFO: Run TokenBuild Behavior [ RunTime:0.001906s ]
INFO: Run WriteHtmlCache Behavior [ RunTime:0.001935s ]
INFO: Run ShowRuntime Behavior [ RunTime:0.003281s ]
INFO: [ view_filter ] --END-- [ RunTime:0.009281s ]
INFO: [ view_end ] --START--
INFO: Run ShowPageTrace Behavior [ RunTime:0.002288s ]
INFO: [ view_end ] --END-- [ RunTime:0.002386s ]

[ 2017-12-07T16:47:39+08:00 ] 127.0.0.1 /2017/resume/index
INFO: [ app_begin ] --START--
INFO: Run ReadHtmlCache Behavior [ RunTime:0.001501s ]
INFO: [ app_begin ] --END-- [ RunTime:0.001640s ]
INFO: [ view_template ] --START--
INFO: Run LocationTemplate Behavior [ RunTime:0.003273s ]
INFO: [ view_template ] --END-- [ RunTime:0.003485s ]
INFO: [ view_parse ] --START--
INFO: Run ParseTemplate Behavior [ RunTime:0.024432s ]
INFO: [ view_parse ] --END-- [ RunTime:0.024548s ]
INFO: [ view_filter ] --START--
INFO: Run ContentReplace Behavior [ RunTime:0.002104s ]
INFO: Run TokenBuild Behavior [ RunTime:0.002199s ]
INFO: Run WriteHtmlCache Behavior [ RunTime:0.002325s ]
INFO: Run ShowRuntime Behavior [ RunTime:0.002092s ]
INFO: [ view_filter ] --END-- [ RunTime:0.009004s ]
INFO: [ view_end ] --START--
INFO: Run ShowPageTrace Behavior [ RunTime:0.002350s ]
INFO: [ view_end ] --END-- [ RunTime:0.002446s ]

[ 2017-12-07T16:51:23+08:00 ] 127.0.0.1 /2017/resume/index
INFO: [ app_begin ] --START--
INFO: Run ReadHtmlCache Behavior [ RunTime:0.001781s ]
INFO: [ app_begin ] --END-- [ RunTime:0.001921s ]
INFO: [ view_template ] --START--
INFO: Run LocationTemplate Behavior [ RunTime:0.003084s ]
INFO: [ view_template ] --END-- [ RunTime:0.003248s ]
INFO: [ view_parse ] --START--
INFO: Run ParseTemplate Behavior [ RunTime:0.027551s ]
INFO: [ view_parse ] --END-- [ RunTime:0.027670s ]
INFO: [ view_filter ] --START--
INFO: Run ContentReplace Behavior [ RunTime:0.003464s ]
INFO: Run TokenBuild Behavior [ RunTime:0.004012s ]
INFO: Run WriteHtmlCache Behavior [ RunTime:0.002285s ]
INFO: Run ShowRuntime Behavior [ RunTime:0.001996s ]
INFO: [ view_filter ] --END-- [ RunTime:0.012201s ]
INFO: [ view_end ] --START--
INFO: Run ShowPageTrace Behavior [ RunTime:0.002118s ]
INFO: [ view_end ] --END-- [ RunTime:0.002207s ]

[ 2017-12-07T16:54:20+08:00 ] 127.0.0.1 /2017/resume/index
INFO: [ app_begin ] --START--
INFO: Run ReadHtmlCache Behavior [ RunTime:0.001478s ]
INFO: [ app_begin ] --END-- [ RunTime:0.001625s ]
INFO: [ view_template ] --START--
INFO: Run LocationTemplate Behavior [ RunTime:0.001903s ]
INFO: [ view_template ] --END-- [ RunTime:0.001996s ]
INFO: [ view_parse ] --START--
INFO: Run ParseTemplate Behavior [ RunTime:0.028010s ]
INFO: [ view_parse ] --END-- [ RunTime:0.028123s ]
INFO: [ view_filter ] --START--
INFO: Run ContentReplace Behavior [ RunTime:0.002091s ]
INFO: Run TokenBuild Behavior [ RunTime:0.001892s ]
INFO: Run WriteHtmlCache Behavior [ RunTime:0.001741s ]
INFO: Run ShowRuntime Behavior [ RunTime:0.002570s ]
INFO: [ view_filter ] --END-- [ RunTime:0.008571s ]
INFO: [ view_end ] --START--
INFO: Run ShowPageTrace Behavior [ RunTime:0.004158s ]
INFO: [ view_end ] --END-- [ RunTime:0.004307s ]

[ 2017-12-07T16:54:24+08:00 ] 127.0.0.1 /2017/resume/index
INFO: [ app_begin ] --START--
INFO: Run ReadHtmlCache Behavior [ RunTime:0.002111s ]
INFO: [ app_begin ] --END-- [ RunTime:0.002461s ]
INFO: [ view_template ] --START--
INFO: Run LocationTemplate Behavior [ RunTime:0.001955s ]
INFO: [ view_template ] --END-- [ RunTime:0.002057s ]
INFO: [ view_parse ] --START--
INFO: Run ParseTemplate Behavior [ RunTime:0.025027s ]
INFO: [ view_parse ] --END-- [ RunTime:0.025151s ]
INFO: [ view_filter ] --START--
INFO: Run ContentReplace Behavior [ RunTime:0.001616s ]
INFO: Run TokenBuild Behavior [ RunTime:0.002927s ]
INFO: Run WriteHtmlCache Behavior [ RunTime:0.001751s ]
INFO: Run ShowRuntime Behavior [ RunTime:0.001311s ]
INFO: [ view_filter ] --END-- [ RunTime:0.008099s ]
INFO: [ view_end ] --START--
INFO: Run ShowPageTrace Behavior [ RunTime:0.001520s ]
INFO: [ view_end ] --END-- [ RunTime:0.001625s ]

[ 2017-12-07T16:54:25+08:00 ] 127.0.0.1 /2017/resume/index
INFO: [ app_begin ] --START--
INFO: Run ReadHtmlCache Behavior [ RunTime:0.000635s ]
INFO: [ app_begin ] --END-- [ RunTime:0.000750s ]
INFO: [ view_template ] --START--
INFO: Run LocationTemplate Behavior [ RunTime:0.000541s ]
INFO: [ view_template ] --END-- [ RunTime:0.000659s ]
INFO: [ view_parse ] --START--
INFO: Run ParseTemplate Behavior [ RunTime:0.020618s ]
INFO: [ view_parse ] --END-- [ RunTime:0.020786s ]
INFO: [ view_filter ] --START--
INFO: Run ContentReplace Behavior [ RunTime:0.000558s ]
INFO: Run TokenBuild Behavior [ RunTime:0.000419s ]
INFO: Run WriteHtmlCache Behavior [ RunTime:0.000289s ]
INFO: Run ShowRuntime Behavior [ RunTime:0.000517s ]
INFO: [ view_filter ] --END-- [ RunTime:0.002011s ]
INFO: [ view_end ] --START--
INFO: Run ShowPageTrace Behavior [ RunTime:0.001095s ]
INFO: [ view_end ] --END-- [ RunTime:0.001176s ]

[ 2017-12-07T16:54:26+08:00 ] 127.0.0.1 /2017/resume/index
INFO: [ app_begin ] --START--
INFO: Run ReadHtmlCache Behavior [ RunTime:0.000862s ]
INFO: [ app_begin ] --END-- [ RunTime:0.001009s ]
INFO: [ view_template ] --START--
INFO: Run LocationTemplate Behavior [ RunTime:0.000560s ]
INFO: [ view_template ] --END-- [ RunTime:0.000674s ]
INFO: [ view_parse ] --START--
INFO: Run ParseTemplate Behavior [ RunTime:0.020656s ]
INFO: [ view_parse ] --END-- [ RunTime:0.020779s ]
INFO: [ view_filter ] --START--
INFO: Run ContentReplace Behavior [ RunTime:0.000518s ]
INFO: Run TokenBuild Behavior [ RunTime:0.000641s ]
INFO: Run WriteHtmlCache Behavior [ RunTime:0.000422s ]
INFO: Run ShowRuntime Behavior [ RunTime:0.000781s ]
INFO: [ view_filter ] --END-- [ RunTime:0.002689s ]
INFO: [ view_end ] --START--
INFO: Run ShowPageTrace Behavior [ RunTime:0.003524s ]
INFO: [ view_end ] --END-- [ RunTime:0.003758s ]

[ 2017-12-07T16:54:28+08:00 ] 127.0.0.1 /2017/resume/index
INFO: [ app_begin ] --START--
INFO: Run ReadHtmlCache Behavior [ RunTime:0.000876s ]
INFO: [ app_begin ] --END-- [ RunTime:0.001074s ]
INFO: [ view_template ] --START--
INFO: Run LocationTemplate Behavior [ RunTime:0.000425s ]
INFO: [ view_template ] --END-- [ RunTime:0.000518s ]
INFO: [ view_parse ] --START--
INFO: Run ParseTemplate Behavior [ RunTime:0.019266s ]
INFO: [ view_parse ] --END-- [ RunTime:0.019378s ]
INFO: [ view_filter ] --START--
INFO: Run ContentReplace Behavior [ RunTime:0.000530s ]
INFO: Run TokenBuild Behavior [ RunTime:0.000419s ]
INFO: Run WriteHtmlCache Behavior [ RunTime:0.000281s ]
INFO: Run ShowRuntime Behavior [ RunTime:0.000520s ]
INFO: [ view_filter ] --END-- [ RunTime:0.001974s ]
INFO: [ view_end ] --START--
INFO: Run ShowPageTrace Behavior [ RunTime:0.001074s ]
INFO: [ view_end ] --END-- [ RunTime:0.001156s ]

[ 2017-12-07T16:54:29+08:00 ] 127.0.0.1 /2017/resume/index
INFO: [ app_begin ] --START--
INFO: Run ReadHtmlCache Behavior [ RunTime:0.001002s ]
INFO: [ app_begin ] --END-- [ RunTime:0.001195s ]
INFO: [ view_template ] --START--
INFO: Run LocationTemplate Behavior [ RunTime:0.000624s ]
INFO: [ view_template ] --END-- [ RunTime:0.000791s ]
INFO: [ view_parse ] --START--
INFO: Run ParseTemplate Behavior [ RunTime:0.020502s ]
INFO: [ view_parse ] --END-- [ RunTime:0.020628s ]
INFO: [ view_filter ] --START--
INFO: Run ContentReplace Behavior [ RunTime:0.000528s ]
INFO: Run TokenBuild Behavior [ RunTime:0.000423s ]
INFO: Run WriteHtmlCache Behavior [ RunTime:0.000385s ]
INFO: Run ShowRuntime Behavior [ RunTime:0.000668s ]
INFO: [ view_filter ] --END-- [ RunTime:0.002275s ]
INFO: [ view_end ] --START--
INFO: Run ShowPageTrace Behavior [ RunTime:0.001954s ]
INFO: [ view_end ] --END-- [ RunTime:0.002255s ]

[ 2017-12-07T16:57:01+08:00 ] 127.0.0.1 /2017/resume/index
INFO: [ app_begin ] --START--
INFO: Run ReadHtmlCache Behavior [ RunTime:0.001723s ]
INFO: [ app_begin ] --END-- [ RunTime:0.001896s ]
INFO: [ view_template ] --START--
INFO: Run LocationTemplate Behavior [ RunTime:0.002283s ]
INFO: [ view_template ] --END-- [ RunTime:0.002477s ]
INFO: [ view_parse ] --START--
INFO: Run ParseTemplate Behavior [ RunTime:0.025062s ]
INFO: [ view_parse ] --END-- [ RunTime:0.025181s ]
INFO: [ view_filter ] --START--
INFO: Run ContentReplace Behavior [ RunTime:0.001548s ]
INFO: Run TokenBuild Behavior [ RunTime:0.001596s ]
INFO: Run WriteHtmlCache Behavior [ RunTime:0.002214s ]
INFO: Run ShowRuntime Behavior [ RunTime:0.001765s ]
INFO: [ view_filter ] --END-- [ RunTime:0.007619s ]
INFO: [ view_end ] --START--
INFO: Run ShowPageTrace Behavior [ RunTime:0.001708s ]
INFO: [ view_end ] --END-- [ RunTime:0.001796s ]

[ 2017-12-07T16:57:38+08:00 ] 127.0.0.1 /2017/resume/index
INFO: [ app_begin ] --START--
INFO: Run ReadHtmlCache Behavior [ RunTime:0.001448s ]
INFO: [ app_begin ] --END-- [ RunTime:0.001572s ]
INFO: [ view_template ] --START--
INFO: Run LocationTemplate Behavior [ RunTime:0.005352s ]
INFO: [ view_template ] --END-- [ RunTime:0.005599s ]
INFO: [ view_parse ] --START--
INFO: Run ParseTemplate Behavior [ RunTime:0.034979s ]
INFO: [ view_parse ] --END-- [ RunTime:0.035549s ]
INFO: [ view_filter ] --START--
INFO: Run ContentReplace Behavior [ RunTime:0.001574s ]
INFO: Run TokenBuild Behavior [ RunTime:0.001188s ]
INFO: Run WriteHtmlCache Behavior [ RunTime:0.001041s ]
INFO: Run ShowRuntime Behavior [ RunTime:0.001270s ]
INFO: [ view_filter ] --END-- [ RunTime:0.005327s ]
INFO: [ view_end ] --START--
INFO: Run ShowPageTrace Behavior [ RunTime:0.001423s ]
INFO: [ view_end ] --END-- [ RunTime:0.001506s ]

