[ 2017-12-19T09:49:36+08:00 ] 127.0.0.1 /2017/resume/
INFO: [ app_begin ] --START--
INFO: Run ReadHtmlCache Behavior [ RunTime:0.001553s ]
INFO: [ app_begin ] --END-- [ RunTime:0.001668s ]
SQL: SHOW COLUMNS FROM `re_resume` [ RunTime:0.007638s ]
SQL: SELECT * FROM `re_resume`  [ RunTime:0.001368s ]
NOTIC: [8] Use of undefined constant data - assumed 'data' F:\AppServ\www\2017\resume\Home\Lib\Action\IndexAction.class.php 第 7 行.
SQL: SHOW COLUMNS FROM `re_about` [ RunTime:0.004993s ]
SQL: SELECT * FROM `re_about`  [ RunTime:0.000511s ]
NOTIC: [8] Use of undefined constant data1 - assumed 'data1' F:\AppServ\www\2017\resume\Home\Lib\Action\IndexAction.class.php 第 11 行.
SQL: SHOW COLUMNS FROM `re_project` [ RunTime:0.005390s ]
SQL: SELECT * FROM `re_project` ORDER BY rank DESC  [ RunTime:0.001370s ]
NOTIC: [8] Use of undefined constant data2 - assumed 'data2' F:\AppServ\www\2017\resume\Home\Lib\Action\IndexAction.class.php 第 15 行.
SQL: SHOW COLUMNS FROM `re_contact` [ RunTime:0.005654s ]
SQL: SELECT * FROM `re_contact`  [ RunTime:0.000862s ]
NOTIC: [8] Use of undefined constant data3 - assumed 'data3' F:\AppServ\www\2017\resume\Home\Lib\Action\IndexAction.class.php 第 19 行.
SQL: SHOW COLUMNS FROM `re_message` [ RunTime:0.004425s ]
SQL: SELECT * FROM `re_message`  [ RunTime:0.002042s ]
NOTIC: [8] Use of undefined constant data4 - assumed 'data4' F:\AppServ\www\2017\resume\Home\Lib\Action\IndexAction.class.php 第 23 行.
INFO: [ view_template ] --START--
INFO: Run LocationTemplate Behavior [ RunTime:0.004230s ]
INFO: [ view_template ] --END-- [ RunTime:0.004413s ]
INFO: [ view_parse ] --START--
INFO: Run ParseTemplate Behavior [ RunTime:0.040625s ]
INFO: [ view_parse ] --END-- [ RunTime:0.040747s ]
INFO: [ view_filter ] --START--
INFO: Run ContentReplace Behavior [ RunTime:0.001654s ]
INFO: Run TokenBuild Behavior [ RunTime:0.001679s ]
INFO: Run WriteHtmlCache Behavior [ RunTime:0.001647s ]
INFO: Run ShowRuntime Behavior [ RunTime:0.001593s ]
INFO: [ view_filter ] --END-- [ RunTime:0.006922s ]
INFO: [ view_end ] --START--
INFO: Run ShowPageTrace Behavior [ RunTime:0.001778s ]
INFO: [ view_end ] --END-- [ RunTime:0.001865s ]

