[ 2017-12-11T09:27:15+08:00 ] 127.0.0.1 /2017/resume/
INFO: [ app_begin ] --START--
INFO: Run ReadHtmlCache Behavior [ RunTime:0.072302s ]
INFO: [ app_begin ] --END-- [ RunTime:0.072509s ]
SQL: SHOW COLUMNS FROM `re_resume` [ RunTime:0.325710s ]
SQL: SELECT * FROM `re_resume`  [ RunTime:0.001954s ]
NOTIC: [8] Use of undefined constant data - assumed 'data' F:\AppServ\www\2017\resume\Home\Lib\Action\IndexAction.class.php 第 7 行.
SQL: SHOW COLUMNS FROM `re_about` [ RunTime:0.477429s ]
SQL: SELECT * FROM `re_about`  [ RunTime:0.002366s ]
NOTIC: [8] Use of undefined constant data1 - assumed 'data1' F:\AppServ\www\2017\resume\Home\Lib\Action\IndexAction.class.php 第 11 行.
SQL: SHOW COLUMNS FROM `re_project` [ RunTime:0.378760s ]
SQL: SELECT * FROM `re_project`  [ RunTime:0.020359s ]
NOTIC: [8] Use of undefined constant data2 - assumed 'data2' F:\AppServ\www\2017\resume\Home\Lib\Action\IndexAction.class.php 第 15 行.
SQL: SHOW COLUMNS FROM `re_contact` [ RunTime:0.176297s ]
SQL: SELECT * FROM `re_contact`  [ RunTime:0.003387s ]
NOTIC: [8] Use of undefined constant data3 - assumed 'data3' F:\AppServ\www\2017\resume\Home\Lib\Action\IndexAction.class.php 第 19 行.
SQL: SHOW COLUMNS FROM `re_message` [ RunTime:0.469914s ]
SQL: SELECT * FROM `re_message`  [ RunTime:0.001600s ]
NOTIC: [8] Use of undefined constant data4 - assumed 'data4' F:\AppServ\www\2017\resume\Home\Lib\Action\IndexAction.class.php 第 23 行.
INFO: [ view_template ] --START--
INFO: Run LocationTemplate Behavior [ RunTime:0.213955s ]
INFO: [ view_template ] --END-- [ RunTime:0.214283s ]
INFO: [ view_parse ] --START--
INFO: Run ParseTemplate Behavior [ RunTime:0.665032s ]
INFO: [ view_parse ] --END-- [ RunTime:0.665337s ]
INFO: [ view_filter ] --START--
INFO: Run ContentReplace Behavior [ RunTime:0.157478s ]
INFO: Run TokenBuild Behavior [ RunTime:0.074883s ]
INFO: Run WriteHtmlCache Behavior [ RunTime:0.074129s ]
INFO: Run ShowRuntime Behavior [ RunTime:0.016897s ]
INFO: [ view_filter ] --END-- [ RunTime:0.324215s ]
INFO: [ view_end ] --START--
INFO: Run ShowPageTrace Behavior [ RunTime:0.042220s ]
INFO: [ view_end ] --END-- [ RunTime:0.042501s ]

[ 2017-12-11T09:28:26+08:00 ] 127.0.0.1 /2017/resume/index.php/Index/do_message
INFO: [ route_check ] --START--
INFO: Run CheckRoute Behavior [ RunTime:0.206320s ]
INFO: [ route_check ] --END-- [ RunTime:0.206530s ]
INFO: [ app_begin ] --START--
INFO: Run ReadHtmlCache Behavior [ RunTime:0.000943s ]
INFO: [ app_begin ] --END-- [ RunTime:0.001118s ]
SQL: SHOW COLUMNS FROM `re_message` [ RunTime:0.004389s ]
SQL: INSERT INTO `re_message` (`name`,`email`,`message`,`time`) VALUES ('fdvfdsvfffffffffffffffffffffffffffffffffffff','saddsdsdfsdvsd@dsvsf.com','Thank you very much for your view. If you think my resume meets the requirements of your company, please leave a message or call me, and I will send my detailed resume first. If you are interested in technology, please visit my ',1512955705) [ RunTime:0.001042s ]
INFO: [ view_template ] --START--
INFO: Run LocationTemplate Behavior [ RunTime:0.001311s ]
INFO: [ view_template ] --END-- [ RunTime:0.001416s ]
INFO: [ view_parse ] --START--
INFO: Run ParseTemplate Behavior [ RunTime:0.083539s ]
INFO: [ view_parse ] --END-- [ RunTime:0.083674s ]
INFO: [ view_filter ] --START--
INFO: Run ContentReplace Behavior [ RunTime:0.000434s ]
INFO: Run TokenBuild Behavior [ RunTime:0.000668s ]
INFO: Run WriteHtmlCache Behavior [ RunTime:0.000330s ]
INFO: Run ShowRuntime Behavior [ RunTime:0.000589s ]
INFO: [ view_filter ] --END-- [ RunTime:0.002292s ]
INFO: [ view_end ] --START--
INFO: Run ShowPageTrace Behavior [ RunTime:0.000684s ]
INFO: [ view_end ] --END-- [ RunTime:0.000765s ]

[ 2017-12-11T09:28:27+08:00 ] 127.0.0.1 /2017/resume/index.php/Index/index
INFO: [ route_check ] --START--
INFO: Run CheckRoute Behavior [ RunTime:0.000959s ]
INFO: [ route_check ] --END-- [ RunTime:0.001069s ]
INFO: [ app_begin ] --START--
INFO: Run ReadHtmlCache Behavior [ RunTime:0.000709s ]
INFO: [ app_begin ] --END-- [ RunTime:0.000795s ]
SQL: SHOW COLUMNS FROM `re_resume` [ RunTime:0.002552s ]
SQL: SELECT * FROM `re_resume`  [ RunTime:0.000372s ]
NOTIC: [8] Use of undefined constant data - assumed 'data' F:\AppServ\www\2017\resume\Home\Lib\Action\IndexAction.class.php 第 7 行.
SQL: SHOW COLUMNS FROM `re_about` [ RunTime:0.002256s ]
SQL: SELECT * FROM `re_about`  [ RunTime:0.000425s ]
NOTIC: [8] Use of undefined constant data1 - assumed 'data1' F:\AppServ\www\2017\resume\Home\Lib\Action\IndexAction.class.php 第 11 行.
SQL: SHOW COLUMNS FROM `re_project` [ RunTime:0.003923s ]
SQL: SELECT * FROM `re_project`  [ RunTime:0.000639s ]
NOTIC: [8] Use of undefined constant data2 - assumed 'data2' F:\AppServ\www\2017\resume\Home\Lib\Action\IndexAction.class.php 第 15 行.
SQL: SHOW COLUMNS FROM `re_contact` [ RunTime:0.002914s ]
SQL: SELECT * FROM `re_contact`  [ RunTime:0.000658s ]
NOTIC: [8] Use of undefined constant data3 - assumed 'data3' F:\AppServ\www\2017\resume\Home\Lib\Action\IndexAction.class.php 第 19 行.
SQL: SHOW COLUMNS FROM `re_message` [ RunTime:0.002541s ]
SQL: SELECT * FROM `re_message`  [ RunTime:0.000565s ]
NOTIC: [8] Use of undefined constant data4 - assumed 'data4' F:\AppServ\www\2017\resume\Home\Lib\Action\IndexAction.class.php 第 23 行.
INFO: [ view_template ] --START--
INFO: Run LocationTemplate Behavior [ RunTime:0.000516s ]
INFO: [ view_template ] --END-- [ RunTime:0.000626s ]
INFO: [ view_parse ] --START--
INFO: Run ParseTemplate Behavior [ RunTime:0.022315s ]
INFO: [ view_parse ] --END-- [ RunTime:0.022453s ]
INFO: [ view_filter ] --START--
INFO: Run ContentReplace Behavior [ RunTime:0.000559s ]
INFO: Run TokenBuild Behavior [ RunTime:0.000569s ]
INFO: Run WriteHtmlCache Behavior [ RunTime:0.000295s ]
INFO: Run ShowRuntime Behavior [ RunTime:0.000555s ]
INFO: [ view_filter ] --END-- [ RunTime:0.002260s ]
INFO: [ view_end ] --START--
INFO: Run ShowPageTrace Behavior [ RunTime:0.000702s ]
INFO: [ view_end ] --END-- [ RunTime:0.000784s ]

[ 2017-12-11T09:28:27+08:00 ] ERR: (ThinkException) 非法操作:apple-touch-icon
[ 2017-12-11T09:28:34+08:00 ] 127.0.0.1 /2017/resume/
INFO: [ app_begin ] --START--
INFO: Run ReadHtmlCache Behavior [ RunTime:0.000680s ]
INFO: [ app_begin ] --END-- [ RunTime:0.000803s ]
SQL: SHOW COLUMNS FROM `re_resume` [ RunTime:0.002762s ]
SQL: SELECT * FROM `re_resume`  [ RunTime:0.000606s ]
NOTIC: [8] Use of undefined constant data - assumed 'data' F:\AppServ\www\2017\resume\Home\Lib\Action\IndexAction.class.php 第 7 行.
SQL: SHOW COLUMNS FROM `re_about` [ RunTime:0.002583s ]
SQL: SELECT * FROM `re_about`  [ RunTime:0.000442s ]
NOTIC: [8] Use of undefined constant data1 - assumed 'data1' F:\AppServ\www\2017\resume\Home\Lib\Action\IndexAction.class.php 第 11 行.
SQL: SHOW COLUMNS FROM `re_project` [ RunTime:0.003399s ]
SQL: SELECT * FROM `re_project`  [ RunTime:0.000254s ]
NOTIC: [8] Use of undefined constant data2 - assumed 'data2' F:\AppServ\www\2017\resume\Home\Lib\Action\IndexAction.class.php 第 15 行.
SQL: SHOW COLUMNS FROM `re_contact` [ RunTime:0.003087s ]
SQL: SELECT * FROM `re_contact`  [ RunTime:0.000950s ]
NOTIC: [8] Use of undefined constant data3 - assumed 'data3' F:\AppServ\www\2017\resume\Home\Lib\Action\IndexAction.class.php 第 19 行.
SQL: SHOW COLUMNS FROM `re_message` [ RunTime:0.002970s ]
SQL: SELECT * FROM `re_message`  [ RunTime:0.000478s ]
NOTIC: [8] Use of undefined constant data4 - assumed 'data4' F:\AppServ\www\2017\resume\Home\Lib\Action\IndexAction.class.php 第 23 行.
INFO: [ view_template ] --START--
INFO: Run LocationTemplate Behavior [ RunTime:0.000501s ]
INFO: [ view_template ] --END-- [ RunTime:0.000597s ]
INFO: [ view_parse ] --START--
INFO: Run ParseTemplate Behavior [ RunTime:0.022232s ]
INFO: [ view_parse ] --END-- [ RunTime:0.022344s ]
INFO: [ view_filter ] --START--
INFO: Run ContentReplace Behavior [ RunTime:0.000525s ]
INFO: Run TokenBuild Behavior [ RunTime:0.000415s ]
INFO: Run WriteHtmlCache Behavior [ RunTime:0.000285s ]
INFO: Run ShowRuntime Behavior [ RunTime:0.000524s ]
INFO: [ view_filter ] --END-- [ RunTime:0.001967s ]
INFO: [ view_end ] --START--
INFO: Run ShowPageTrace Behavior [ RunTime:0.000738s ]
INFO: [ view_end ] --END-- [ RunTime:0.000818s ]

[ 2017-12-11T09:40:56+08:00 ] 127.0.0.1 /2017/resume/index.php/Index/index
INFO: [ route_check ] --START--
INFO: Run CheckRoute Behavior [ RunTime:0.001717s ]
INFO: [ route_check ] --END-- [ RunTime:0.001836s ]
INFO: [ app_begin ] --START--
INFO: Run ReadHtmlCache Behavior [ RunTime:0.001614s ]
INFO: [ app_begin ] --END-- [ RunTime:0.001745s ]
SQL: SHOW COLUMNS FROM `re_resume` [ RunTime:0.005088s ]
SQL: SELECT * FROM `re_resume`  [ RunTime:0.000821s ]
NOTIC: [8] Use of undefined constant data - assumed 'data' F:\AppServ\www\2017\resume\Home\Lib\Action\IndexAction.class.php 第 7 行.
SQL: SHOW COLUMNS FROM `re_about` [ RunTime:0.003104s ]
SQL: SELECT * FROM `re_about`  [ RunTime:0.000583s ]
NOTIC: [8] Use of undefined constant data1 - assumed 'data1' F:\AppServ\www\2017\resume\Home\Lib\Action\IndexAction.class.php 第 11 行.
SQL: SHOW COLUMNS FROM `re_project` [ RunTime:0.002471s ]
SQL: SELECT * FROM `re_project`  [ RunTime:0.000362s ]
NOTIC: [8] Use of undefined constant data2 - assumed 'data2' F:\AppServ\www\2017\resume\Home\Lib\Action\IndexAction.class.php 第 15 行.
SQL: SHOW COLUMNS FROM `re_contact` [ RunTime:0.002705s ]
SQL: SELECT * FROM `re_contact`  [ RunTime:0.000523s ]
NOTIC: [8] Use of undefined constant data3 - assumed 'data3' F:\AppServ\www\2017\resume\Home\Lib\Action\IndexAction.class.php 第 19 行.
SQL: SHOW COLUMNS FROM `re_message` [ RunTime:0.004066s ]
SQL: SELECT * FROM `re_message`  [ RunTime:0.000527s ]
NOTIC: [8] Use of undefined constant data4 - assumed 'data4' F:\AppServ\www\2017\resume\Home\Lib\Action\IndexAction.class.php 第 23 行.
INFO: [ view_template ] --START--
INFO: Run LocationTemplate Behavior [ RunTime:0.002185s ]
INFO: [ view_template ] --END-- [ RunTime:0.002292s ]
INFO: [ view_parse ] --START--
INFO: Run ParseTemplate Behavior [ RunTime:0.029462s ]
INFO: [ view_parse ] --END-- [ RunTime:0.029605s ]
INFO: [ view_filter ] --START--
INFO: Run ContentReplace Behavior [ RunTime:0.001487s ]
INFO: Run TokenBuild Behavior [ RunTime:0.001204s ]
INFO: Run WriteHtmlCache Behavior [ RunTime:0.001151s ]
INFO: Run ShowRuntime Behavior [ RunTime:0.001301s ]
INFO: [ view_filter ] --END-- [ RunTime:0.005411s ]
INFO: [ view_end ] --START--
INFO: Run ShowPageTrace Behavior [ RunTime:0.001406s ]
INFO: [ view_end ] --END-- [ RunTime:0.001490s ]

[ 2017-12-11T10:39:49+08:00 ] 127.0.0.1 /2017/resume/index.php/Index/index
INFO: [ route_check ] --START--
INFO: Run CheckRoute Behavior [ RunTime:0.002189s ]
INFO: [ route_check ] --END-- [ RunTime:0.002363s ]
INFO: [ app_begin ] --START--
INFO: Run ReadHtmlCache Behavior [ RunTime:0.002424s ]
INFO: [ app_begin ] --END-- [ RunTime:0.002579s ]
SQL: SHOW COLUMNS FROM `re_resume` [ RunTime:0.003249s ]
SQL: SELECT * FROM `re_resume`  [ RunTime:0.000717s ]
NOTIC: [8] Use of undefined constant data - assumed 'data' F:\AppServ\www\2017\resume\Home\Lib\Action\IndexAction.class.php 第 7 行.
SQL: SHOW COLUMNS FROM `re_about` [ RunTime:0.004144s ]
SQL: SELECT * FROM `re_about`  [ RunTime:0.000725s ]
NOTIC: [8] Use of undefined constant data1 - assumed 'data1' F:\AppServ\www\2017\resume\Home\Lib\Action\IndexAction.class.php 第 11 行.
SQL: SHOW COLUMNS FROM `re_project` [ RunTime:0.003352s ]
SQL: SELECT * FROM `re_project`  [ RunTime:0.000614s ]
NOTIC: [8] Use of undefined constant data2 - assumed 'data2' F:\AppServ\www\2017\resume\Home\Lib\Action\IndexAction.class.php 第 15 行.
SQL: SHOW COLUMNS FROM `re_contact` [ RunTime:0.002786s ]
SQL: SELECT * FROM `re_contact`  [ RunTime:0.001418s ]
NOTIC: [8] Use of undefined constant data3 - assumed 'data3' F:\AppServ\www\2017\resume\Home\Lib\Action\IndexAction.class.php 第 19 行.
SQL: SHOW COLUMNS FROM `re_message` [ RunTime:0.006061s ]
SQL: SELECT * FROM `re_message`  [ RunTime:0.001188s ]
NOTIC: [8] Use of undefined constant data4 - assumed 'data4' F:\AppServ\www\2017\resume\Home\Lib\Action\IndexAction.class.php 第 23 行.
INFO: [ view_template ] --START--
INFO: Run LocationTemplate Behavior [ RunTime:0.002165s ]
INFO: [ view_template ] --END-- [ RunTime:0.002278s ]
INFO: [ view_parse ] --START--
INFO: Run ParseTemplate Behavior [ RunTime:0.038499s ]
INFO: [ view_parse ] --END-- [ RunTime:0.038691s ]
INFO: [ view_filter ] --START--
INFO: Run ContentReplace Behavior [ RunTime:0.001643s ]
INFO: Run TokenBuild Behavior [ RunTime:0.001646s ]
INFO: Run WriteHtmlCache Behavior [ RunTime:0.001815s ]
INFO: Run ShowRuntime Behavior [ RunTime:0.001782s ]
INFO: [ view_filter ] --END-- [ RunTime:0.007382s ]
INFO: [ view_end ] --START--
INFO: Run ShowPageTrace Behavior [ RunTime:0.002173s ]
INFO: [ view_end ] --END-- [ RunTime:0.002309s ]

[ 2017-12-11T10:39:50+08:00 ] 127.0.0.1 /2017/resume/index.php/Index/index
INFO: [ route_check ] --START--
INFO: Run CheckRoute Behavior [ RunTime:0.000994s ]
INFO: [ route_check ] --END-- [ RunTime:0.001111s ]
INFO: [ app_begin ] --START--
INFO: Run ReadHtmlCache Behavior [ RunTime:0.000615s ]
INFO: [ app_begin ] --END-- [ RunTime:0.000698s ]
SQL: SHOW COLUMNS FROM `re_resume` [ RunTime:0.002639s ]
SQL: SELECT * FROM `re_resume`  [ RunTime:0.000284s ]
NOTIC: [8] Use of undefined constant data - assumed 'data' F:\AppServ\www\2017\resume\Home\Lib\Action\IndexAction.class.php 第 7 行.
SQL: SHOW COLUMNS FROM `re_about` [ RunTime:0.002258s ]
SQL: SELECT * FROM `re_about`  [ RunTime:0.000420s ]
NOTIC: [8] Use of undefined constant data1 - assumed 'data1' F:\AppServ\www\2017\resume\Home\Lib\Action\IndexAction.class.php 第 11 行.
SQL: SHOW COLUMNS FROM `re_project` [ RunTime:0.002771s ]
SQL: SELECT * FROM `re_project`  [ RunTime:0.000433s ]
NOTIC: [8] Use of undefined constant data2 - assumed 'data2' F:\AppServ\www\2017\resume\Home\Lib\Action\IndexAction.class.php 第 15 行.
SQL: SHOW COLUMNS FROM `re_contact` [ RunTime:0.004848s ]
SQL: SELECT * FROM `re_contact`  [ RunTime:0.000993s ]
NOTIC: [8] Use of undefined constant data3 - assumed 'data3' F:\AppServ\www\2017\resume\Home\Lib\Action\IndexAction.class.php 第 19 行.
SQL: SHOW COLUMNS FROM `re_message` [ RunTime:0.002574s ]
SQL: SELECT * FROM `re_message`  [ RunTime:0.000758s ]
NOTIC: [8] Use of undefined constant data4 - assumed 'data4' F:\AppServ\www\2017\resume\Home\Lib\Action\IndexAction.class.php 第 23 行.
INFO: [ view_template ] --START--
INFO: Run LocationTemplate Behavior [ RunTime:0.000498s ]
INFO: [ view_template ] --END-- [ RunTime:0.000583s ]
INFO: [ view_parse ] --START--
INFO: Run ParseTemplate Behavior [ RunTime:0.027761s ]
INFO: [ view_parse ] --END-- [ RunTime:0.027923s ]
INFO: [ view_filter ] --START--
INFO: Run ContentReplace Behavior [ RunTime:0.000602s ]
INFO: Run TokenBuild Behavior [ RunTime:0.000426s ]
INFO: Run WriteHtmlCache Behavior [ RunTime:0.000283s ]
INFO: Run ShowRuntime Behavior [ RunTime:0.000520s ]
INFO: [ view_filter ] --END-- [ RunTime:0.002063s ]
INFO: [ view_end ] --START--
INFO: Run ShowPageTrace Behavior [ RunTime:0.000658s ]
INFO: [ view_end ] --END-- [ RunTime:0.000735s ]

[ 2017-12-11T10:42:52+08:00 ] 127.0.0.1 /2017/resume/index.php/Index/index
INFO: [ route_check ] --START--
INFO: Run CheckRoute Behavior [ RunTime:0.001846s ]
INFO: [ route_check ] --END-- [ RunTime:0.001974s ]
INFO: [ app_begin ] --START--
INFO: Run ReadHtmlCache Behavior [ RunTime:0.001604s ]
INFO: [ app_begin ] --END-- [ RunTime:0.001745s ]
SQL: SHOW COLUMNS FROM `re_resume` [ RunTime:0.004090s ]
SQL: SELECT * FROM `re_resume`  [ RunTime:0.000278s ]
NOTIC: [8] Use of undefined constant data - assumed 'data' F:\AppServ\www\2017\resume\Home\Lib\Action\IndexAction.class.php 第 7 行.
SQL: SHOW COLUMNS FROM `re_about` [ RunTime:0.002908s ]
SQL: SELECT * FROM `re_about`  [ RunTime:0.000577s ]
NOTIC: [8] Use of undefined constant data1 - assumed 'data1' F:\AppServ\www\2017\resume\Home\Lib\Action\IndexAction.class.php 第 11 行.
SQL: SHOW COLUMNS FROM `re_project` [ RunTime:0.002763s ]
SQL: SELECT * FROM `re_project`  [ RunTime:0.001103s ]
NOTIC: [8] Use of undefined constant data2 - assumed 'data2' F:\AppServ\www\2017\resume\Home\Lib\Action\IndexAction.class.php 第 15 行.
SQL: SHOW COLUMNS FROM `re_contact` [ RunTime:0.005796s ]
SQL: SELECT * FROM `re_contact`  [ RunTime:0.001086s ]
NOTIC: [8] Use of undefined constant data3 - assumed 'data3' F:\AppServ\www\2017\resume\Home\Lib\Action\IndexAction.class.php 第 19 行.
SQL: SHOW COLUMNS FROM `re_message` [ RunTime:0.002731s ]
SQL: SELECT * FROM `re_message`  [ RunTime:0.000412s ]
NOTIC: [8] Use of undefined constant data4 - assumed 'data4' F:\AppServ\www\2017\resume\Home\Lib\Action\IndexAction.class.php 第 23 行.
INFO: [ view_template ] --START--
INFO: Run LocationTemplate Behavior [ RunTime:0.002011s ]
INFO: [ view_template ] --END-- [ RunTime:0.002102s ]
INFO: [ view_parse ] --START--
INFO: Run ParseTemplate Behavior [ RunTime:0.044915s ]
INFO: [ view_parse ] --END-- [ RunTime:0.045125s ]
INFO: [ view_filter ] --START--
INFO: Run ContentReplace Behavior [ RunTime:0.001270s ]
INFO: Run TokenBuild Behavior [ RunTime:0.001226s ]
INFO: Run WriteHtmlCache Behavior [ RunTime:0.001053s ]
INFO: Run ShowRuntime Behavior [ RunTime:0.001778s ]
INFO: [ view_filter ] --END-- [ RunTime:0.005585s ]
INFO: [ view_end ] --START--
INFO: Run ShowPageTrace Behavior [ RunTime:0.002954s ]
INFO: [ view_end ] --END-- [ RunTime:0.003229s ]

[ 2017-12-11T10:58:16+08:00 ] 127.0.0.1 /2017/resume/index.php/Index/index
INFO: [ route_check ] --START--
INFO: Run CheckRoute Behavior [ RunTime:0.002173s ]
INFO: [ route_check ] --END-- [ RunTime:0.002349s ]
INFO: [ app_begin ] --START--
INFO: Run ReadHtmlCache Behavior [ RunTime:0.001410s ]
INFO: [ app_begin ] --END-- [ RunTime:0.001510s ]
SQL: SHOW COLUMNS FROM `re_resume` [ RunTime:0.003000s ]
SQL: SELECT * FROM `re_resume`  [ RunTime:0.000421s ]
NOTIC: [8] Use of undefined constant data - assumed 'data' F:\AppServ\www\2017\resume\Home\Lib\Action\IndexAction.class.php 第 7 行.
SQL: SHOW COLUMNS FROM `re_about` [ RunTime:0.003050s ]
SQL: SELECT * FROM `re_about`  [ RunTime:0.000616s ]
NOTIC: [8] Use of undefined constant data1 - assumed 'data1' F:\AppServ\www\2017\resume\Home\Lib\Action\IndexAction.class.php 第 11 行.
SQL: SHOW COLUMNS FROM `re_project` [ RunTime:0.006275s ]
SQL: SELECT * FROM `re_project`  [ RunTime:0.000351s ]
NOTIC: [8] Use of undefined constant data2 - assumed 'data2' F:\AppServ\www\2017\resume\Home\Lib\Action\IndexAction.class.php 第 15 行.
SQL: SHOW COLUMNS FROM `re_contact` [ RunTime:0.002847s ]
SQL: SELECT * FROM `re_contact`  [ RunTime:0.000510s ]
NOTIC: [8] Use of undefined constant data3 - assumed 'data3' F:\AppServ\www\2017\resume\Home\Lib\Action\IndexAction.class.php 第 19 行.
SQL: SHOW COLUMNS FROM `re_message` [ RunTime:0.003868s ]
SQL: SELECT * FROM `re_message`  [ RunTime:0.001004s ]
NOTIC: [8] Use of undefined constant data4 - assumed 'data4' F:\AppServ\www\2017\resume\Home\Lib\Action\IndexAction.class.php 第 23 行.
INFO: [ view_template ] --START--
INFO: Run LocationTemplate Behavior [ RunTime:0.003973s ]
INFO: [ view_template ] --END-- [ RunTime:0.004150s ]
INFO: [ view_parse ] --START--
INFO: Run ParseTemplate Behavior [ RunTime:0.034625s ]
INFO: [ view_parse ] --END-- [ RunTime:0.034756s ]
INFO: [ view_filter ] --START--
INFO: Run ContentReplace Behavior [ RunTime:0.001632s ]
INFO: Run TokenBuild Behavior [ RunTime:0.001419s ]
INFO: Run WriteHtmlCache Behavior [ RunTime:0.001120s ]
INFO: Run ShowRuntime Behavior [ RunTime:0.001339s ]
INFO: [ view_filter ] --END-- [ RunTime:0.005868s ]
INFO: [ view_end ] --START--
INFO: Run ShowPageTrace Behavior [ RunTime:0.001544s ]
INFO: [ view_end ] --END-- [ RunTime:0.001710s ]

[ 2017-12-11T10:58:17+08:00 ] 127.0.0.1 /2017/resume/index.php/Index/index
INFO: [ route_check ] --START--
INFO: Run CheckRoute Behavior [ RunTime:0.001059s ]
INFO: [ route_check ] --END-- [ RunTime:0.001207s ]
INFO: [ app_begin ] --START--
INFO: Run ReadHtmlCache Behavior [ RunTime:0.000615s ]
INFO: [ app_begin ] --END-- [ RunTime:0.000701s ]
SQL: SHOW COLUMNS FROM `re_resume` [ RunTime:0.002619s ]
SQL: SELECT * FROM `re_resume`  [ RunTime:0.000281s ]
NOTIC: [8] Use of undefined constant data - assumed 'data' F:\AppServ\www\2017\resume\Home\Lib\Action\IndexAction.class.php 第 7 行.
SQL: SHOW COLUMNS FROM `re_about` [ RunTime:0.002412s ]
SQL: SELECT * FROM `re_about`  [ RunTime:0.000514s ]
NOTIC: [8] Use of undefined constant data1 - assumed 'data1' F:\AppServ\www\2017\resume\Home\Lib\Action\IndexAction.class.php 第 11 行.
SQL: SHOW COLUMNS FROM `re_project` [ RunTime:0.003829s ]
SQL: SELECT * FROM `re_project`  [ RunTime:0.000686s ]
NOTIC: [8] Use of undefined constant data2 - assumed 'data2' F:\AppServ\www\2017\resume\Home\Lib\Action\IndexAction.class.php 第 15 行.
SQL: SHOW COLUMNS FROM `re_contact` [ RunTime:0.002859s ]
SQL: SELECT * FROM `re_contact`  [ RunTime:0.000289s ]
NOTIC: [8] Use of undefined constant data3 - assumed 'data3' F:\AppServ\www\2017\resume\Home\Lib\Action\IndexAction.class.php 第 19 行.
SQL: SHOW COLUMNS FROM `re_message` [ RunTime:0.002375s ]
SQL: SELECT * FROM `re_message`  [ RunTime:0.000415s ]
NOTIC: [8] Use of undefined constant data4 - assumed 'data4' F:\AppServ\www\2017\resume\Home\Lib\Action\IndexAction.class.php 第 23 行.
INFO: [ view_template ] --START--
INFO: Run LocationTemplate Behavior [ RunTime:0.000492s ]
INFO: [ view_template ] --END-- [ RunTime:0.000579s ]
INFO: [ view_parse ] --START--
INFO: Run ParseTemplate Behavior [ RunTime:0.025986s ]
INFO: [ view_parse ] --END-- [ RunTime:0.026136s ]
INFO: [ view_filter ] --START--
INFO: Run ContentReplace Behavior [ RunTime:0.000887s ]
INFO: Run TokenBuild Behavior [ RunTime:0.000814s ]
INFO: Run WriteHtmlCache Behavior [ RunTime:0.000400s ]
INFO: Run ShowRuntime Behavior [ RunTime:0.000554s ]
INFO: [ view_filter ] --END-- [ RunTime:0.003002s ]
INFO: [ view_end ] --START--
INFO: Run ShowPageTrace Behavior [ RunTime:0.000683s ]
INFO: [ view_end ] --END-- [ RunTime:0.000763s ]

[ 2017-12-11T15:21:51+08:00 ] 127.0.0.1 /2017/resume/
INFO: [ app_begin ] --START--
INFO: Run ReadHtmlCache Behavior [ RunTime:0.001376s ]
INFO: [ app_begin ] --END-- [ RunTime:0.001500s ]
SQL: SHOW COLUMNS FROM `re_resume` [ RunTime:0.003831s ]
SQL: SELECT * FROM `re_resume`  [ RunTime:0.000584s ]
NOTIC: [8] Use of undefined constant data - assumed 'data' F:\AppServ\www\2017\resume\Home\Lib\Action\IndexAction.class.php 第 7 行.
SQL: SHOW COLUMNS FROM `re_about` [ RunTime:0.002873s ]
SQL: SELECT * FROM `re_about`  [ RunTime:0.000471s ]
NOTIC: [8] Use of undefined constant data1 - assumed 'data1' F:\AppServ\www\2017\resume\Home\Lib\Action\IndexAction.class.php 第 11 行.
SQL: SHOW COLUMNS FROM `re_project` [ RunTime:0.002708s ]
SQL: SELECT * FROM `re_project`  [ RunTime:0.000483s ]
NOTIC: [8] Use of undefined constant data2 - assumed 'data2' F:\AppServ\www\2017\resume\Home\Lib\Action\IndexAction.class.php 第 15 行.
SQL: SHOW COLUMNS FROM `re_contact` [ RunTime:0.002692s ]
SQL: SELECT * FROM `re_contact`  [ RunTime:0.000462s ]
NOTIC: [8] Use of undefined constant data3 - assumed 'data3' F:\AppServ\www\2017\resume\Home\Lib\Action\IndexAction.class.php 第 19 行.
SQL: SHOW COLUMNS FROM `re_message` [ RunTime:0.002747s ]
SQL: SELECT * FROM `re_message`  [ RunTime:0.000979s ]
NOTIC: [8] Use of undefined constant data4 - assumed 'data4' F:\AppServ\www\2017\resume\Home\Lib\Action\IndexAction.class.php 第 23 行.
INFO: [ view_template ] --START--
INFO: Run LocationTemplate Behavior [ RunTime:0.002485s ]
INFO: [ view_template ] --END-- [ RunTime:0.002603s ]
INFO: [ view_parse ] --START--
INFO: Run ParseTemplate Behavior [ RunTime:0.026269s ]
INFO: [ view_parse ] --END-- [ RunTime:0.026383s ]
INFO: [ view_filter ] --START--
INFO: Run ContentReplace Behavior [ RunTime:0.001456s ]
INFO: Run TokenBuild Behavior [ RunTime:0.001154s ]
INFO: Run WriteHtmlCache Behavior [ RunTime:0.001117s ]
INFO: Run ShowRuntime Behavior [ RunTime:0.002741s ]
INFO: [ view_filter ] --END-- [ RunTime:0.006736s ]
INFO: [ view_end ] --START--
INFO: Run ShowPageTrace Behavior [ RunTime:0.002284s ]
INFO: [ view_end ] --END-- [ RunTime:0.002387s ]

[ 2017-12-11T16:32:58+08:00 ] 127.0.0.1 /2017/resume/
INFO: [ app_begin ] --START--
INFO: Run ReadHtmlCache Behavior [ RunTime:0.000704s ]
INFO: [ app_begin ] --END-- [ RunTime:0.000818s ]
SQL: SHOW COLUMNS FROM `re_resume` [ RunTime:0.005053s ]
SQL: SELECT * FROM `re_resume`  [ RunTime:0.001183s ]
NOTIC: [8] Use of undefined constant data - assumed 'data' F:\AppServ\www\2017\resume\Home\Lib\Action\IndexAction.class.php 第 7 行.
SQL: SHOW COLUMNS FROM `re_about` [ RunTime:0.004414s ]
SQL: SELECT * FROM `re_about`  [ RunTime:0.001040s ]
NOTIC: [8] Use of undefined constant data1 - assumed 'data1' F:\AppServ\www\2017\resume\Home\Lib\Action\IndexAction.class.php 第 11 行.
SQL: SHOW COLUMNS FROM `re_project` [ RunTime:0.004325s ]
SQL: SELECT * FROM `re_project`  [ RunTime:0.000362s ]
NOTIC: [8] Use of undefined constant data2 - assumed 'data2' F:\AppServ\www\2017\resume\Home\Lib\Action\IndexAction.class.php 第 15 行.
SQL: SHOW COLUMNS FROM `re_contact` [ RunTime:0.004742s ]
SQL: SELECT * FROM `re_contact`  [ RunTime:0.001284s ]
NOTIC: [8] Use of undefined constant data3 - assumed 'data3' F:\AppServ\www\2017\resume\Home\Lib\Action\IndexAction.class.php 第 19 行.
SQL: SHOW COLUMNS FROM `re_message` [ RunTime:0.004127s ]
SQL: SELECT * FROM `re_message`  [ RunTime:0.001109s ]
NOTIC: [8] Use of undefined constant data4 - assumed 'data4' F:\AppServ\www\2017\resume\Home\Lib\Action\IndexAction.class.php 第 23 行.
INFO: [ view_template ] --START--
INFO: Run LocationTemplate Behavior [ RunTime:0.001826s ]
INFO: [ view_template ] --END-- [ RunTime:0.001988s ]
INFO: [ view_parse ] --START--
INFO: Run ParseTemplate Behavior [ RunTime:0.033175s ]
INFO: [ view_parse ] --END-- [ RunTime:0.033328s ]
INFO: [ view_filter ] --START--
INFO: Run ContentReplace Behavior [ RunTime:0.000593s ]
INFO: Run TokenBuild Behavior [ RunTime:0.000705s ]
INFO: Run WriteHtmlCache Behavior [ RunTime:0.000369s ]
INFO: Run ShowRuntime Behavior [ RunTime:0.000791s ]
INFO: [ view_filter ] --END-- [ RunTime:0.002824s ]
INFO: [ view_end ] --START--
INFO: Run ShowPageTrace Behavior [ RunTime:0.000932s ]
INFO: [ view_end ] --END-- [ RunTime:0.001051s ]

[ 2017-12-11T16:33:15+08:00 ] 127.0.0.1 /2017/resume/index.php/Index/do_message
INFO: [ route_check ] --START--
INFO: Run CheckRoute Behavior [ RunTime:0.001078s ]
INFO: [ route_check ] --END-- [ RunTime:0.001206s ]
INFO: [ app_begin ] --START--
INFO: Run ReadHtmlCache Behavior [ RunTime:0.000741s ]
INFO: [ app_begin ] --END-- [ RunTime:0.000844s ]
SQL: SHOW COLUMNS FROM `re_message` [ RunTime:0.002727s ]
SQL: INSERT INTO `re_message` (`name`,`email`,`message`,`time`) VALUES ('四渡赤水','saddsdsdfsdvsd@dsvsf.com','fsvddsfvdfsvdsfvdsfvdsfvdsfvs',1512981195) [ RunTime:0.001467s ]
INFO: [ view_template ] --START--
INFO: Run LocationTemplate Behavior [ RunTime:0.000752s ]
INFO: [ view_template ] --END-- [ RunTime:0.000863s ]
INFO: [ view_parse ] --START--
INFO: Run ParseTemplate Behavior [ RunTime:0.012329s ]
INFO: [ view_parse ] --END-- [ RunTime:0.012469s ]
INFO: [ view_filter ] --START--
INFO: Run ContentReplace Behavior [ RunTime:0.000443s ]
INFO: Run TokenBuild Behavior [ RunTime:0.000421s ]
INFO: Run WriteHtmlCache Behavior [ RunTime:0.000284s ]
INFO: Run ShowRuntime Behavior [ RunTime:0.000543s ]
INFO: [ view_filter ] --END-- [ RunTime:0.001972s ]
INFO: [ view_end ] --START--
INFO: Run ShowPageTrace Behavior [ RunTime:0.000924s ]
INFO: [ view_end ] --END-- [ RunTime:0.001058s ]

[ 2017-12-11T16:33:15+08:00 ] ERR: (ThinkException) 非法操作:assets
[ 2017-12-11T16:33:16+08:00 ] 127.0.0.1 /2017/resume/index.php/Index/index
INFO: [ route_check ] --START--
INFO: Run CheckRoute Behavior [ RunTime:0.000983s ]
INFO: [ route_check ] --END-- [ RunTime:0.001096s ]
INFO: [ app_begin ] --START--
INFO: Run ReadHtmlCache Behavior [ RunTime:0.000792s ]
INFO: [ app_begin ] --END-- [ RunTime:0.000931s ]
SQL: SHOW COLUMNS FROM `re_resume` [ RunTime:0.002975s ]
SQL: SELECT * FROM `re_resume`  [ RunTime:0.000559s ]
NOTIC: [8] Use of undefined constant data - assumed 'data' F:\AppServ\www\2017\resume\Home\Lib\Action\IndexAction.class.php 第 7 行.
SQL: SHOW COLUMNS FROM `re_about` [ RunTime:0.003323s ]
SQL: SELECT * FROM `re_about`  [ RunTime:0.000639s ]
NOTIC: [8] Use of undefined constant data1 - assumed 'data1' F:\AppServ\www\2017\resume\Home\Lib\Action\IndexAction.class.php 第 11 行.
SQL: SHOW COLUMNS FROM `re_project` [ RunTime:0.002636s ]
SQL: SELECT * FROM `re_project`  [ RunTime:0.000788s ]
NOTIC: [8] Use of undefined constant data2 - assumed 'data2' F:\AppServ\www\2017\resume\Home\Lib\Action\IndexAction.class.php 第 15 行.
SQL: SHOW COLUMNS FROM `re_contact` [ RunTime:0.002687s ]
SQL: SELECT * FROM `re_contact`  [ RunTime:0.000604s ]
NOTIC: [8] Use of undefined constant data3 - assumed 'data3' F:\AppServ\www\2017\resume\Home\Lib\Action\IndexAction.class.php 第 19 行.
SQL: SHOW COLUMNS FROM `re_message` [ RunTime:0.002582s ]
SQL: SELECT * FROM `re_message`  [ RunTime:0.000959s ]
NOTIC: [8] Use of undefined constant data4 - assumed 'data4' F:\AppServ\www\2017\resume\Home\Lib\Action\IndexAction.class.php 第 23 行.
INFO: [ view_template ] --START--
INFO: Run LocationTemplate Behavior [ RunTime:0.000883s ]
INFO: [ view_template ] --END-- [ RunTime:0.001032s ]
INFO: [ view_parse ] --START--
INFO: Run ParseTemplate Behavior [ RunTime:0.022671s ]
INFO: [ view_parse ] --END-- [ RunTime:0.022795s ]
INFO: [ view_filter ] --START--
INFO: Run ContentReplace Behavior [ RunTime:0.000519s ]
INFO: Run TokenBuild Behavior [ RunTime:0.000457s ]
INFO: Run WriteHtmlCache Behavior [ RunTime:0.000286s ]
INFO: Run ShowRuntime Behavior [ RunTime:0.000554s ]
INFO: [ view_filter ] --END-- [ RunTime:0.002037s ]
INFO: [ view_end ] --START--
INFO: Run ShowPageTrace Behavior [ RunTime:0.000669s ]
INFO: [ view_end ] --END-- [ RunTime:0.000748s ]

[ 2017-12-11T16:37:45+08:00 ] 127.0.0.1 /2017/resume/index.php/Index/do_message
INFO: [ route_check ] --START--
INFO: Run CheckRoute Behavior [ RunTime:0.002597s ]
INFO: [ route_check ] --END-- [ RunTime:0.002805s ]
INFO: [ app_begin ] --START--
INFO: Run ReadHtmlCache Behavior [ RunTime:0.002233s ]
INFO: [ app_begin ] --END-- [ RunTime:0.002434s ]
SQL: SHOW COLUMNS FROM `re_message` [ RunTime:0.003798s ]
SQL: INSERT INTO `re_message` (`name`,`email`,`message`,`time`) VALUES ('飒飒','fdsvdsdsfs@dsvfdsf.dsvd','\r\n\r\nThank you very much for your view. If you think my resume meets the requirements of your company, please leave a message or call me, and I will send my detailed resume first. If you are interested in technology, please visit my blog, there is a depth of no more.s.',1512981465) [ RunTime:0.000737s ]
INFO: [ view_template ] --START--
INFO: Run LocationTemplate Behavior [ RunTime:0.007311s ]
INFO: [ view_template ] --END-- [ RunTime:0.007544s ]
INFO: [ view_parse ] --START--
INFO: Run ParseTemplate Behavior [ RunTime:0.021942s ]
INFO: [ view_parse ] --END-- [ RunTime:0.022156s ]
INFO: [ view_filter ] --START--
INFO: Run ContentReplace Behavior [ RunTime:0.002087s ]
INFO: Run TokenBuild Behavior [ RunTime:0.001662s ]
INFO: Run WriteHtmlCache Behavior [ RunTime:0.001232s ]
INFO: Run ShowRuntime Behavior [ RunTime:0.002232s ]
INFO: [ view_filter ] --END-- [ RunTime:0.007833s ]
INFO: [ view_end ] --START--
INFO: Run ShowPageTrace Behavior [ RunTime:0.003786s ]
INFO: [ view_end ] --END-- [ RunTime:0.003956s ]

[ 2017-12-11T16:37:45+08:00 ] ERR: (ThinkException) 非法操作:assets
[ 2017-12-11T16:37:46+08:00 ] 127.0.0.1 /2017/resume/index.php/Index/index
INFO: [ route_check ] --START--
INFO: Run CheckRoute Behavior [ RunTime:0.002057s ]
INFO: [ route_check ] --END-- [ RunTime:0.002267s ]
INFO: [ app_begin ] --START--
INFO: Run ReadHtmlCache Behavior [ RunTime:0.000838s ]
INFO: [ app_begin ] --END-- [ RunTime:0.000971s ]
SQL: SHOW COLUMNS FROM `re_resume` [ RunTime:0.004147s ]
SQL: SELECT * FROM `re_resume`  [ RunTime:0.000664s ]
NOTIC: [8] Use of undefined constant data - assumed 'data' F:\AppServ\www\2017\resume\Home\Lib\Action\IndexAction.class.php 第 7 行.
SQL: SHOW COLUMNS FROM `re_about` [ RunTime:0.002445s ]
SQL: SELECT * FROM `re_about`  [ RunTime:0.000621s ]
NOTIC: [8] Use of undefined constant data1 - assumed 'data1' F:\AppServ\www\2017\resume\Home\Lib\Action\IndexAction.class.php 第 11 行.
SQL: SHOW COLUMNS FROM `re_project` [ RunTime:0.002780s ]
SQL: SELECT * FROM `re_project`  [ RunTime:0.000630s ]
NOTIC: [8] Use of undefined constant data2 - assumed 'data2' F:\AppServ\www\2017\resume\Home\Lib\Action\IndexAction.class.php 第 15 行.
SQL: SHOW COLUMNS FROM `re_contact` [ RunTime:0.002484s ]
SQL: SELECT * FROM `re_contact`  [ RunTime:0.000810s ]
NOTIC: [8] Use of undefined constant data3 - assumed 'data3' F:\AppServ\www\2017\resume\Home\Lib\Action\IndexAction.class.php 第 19 行.
SQL: SHOW COLUMNS FROM `re_message` [ RunTime:0.003958s ]
SQL: SELECT * FROM `re_message`  [ RunTime:0.000648s ]
NOTIC: [8] Use of undefined constant data4 - assumed 'data4' F:\AppServ\www\2017\resume\Home\Lib\Action\IndexAction.class.php 第 23 行.
INFO: [ view_template ] --START--
INFO: Run LocationTemplate Behavior [ RunTime:0.001292s ]
INFO: [ view_template ] --END-- [ RunTime:0.001382s ]
INFO: [ view_parse ] --START--
INFO: Run ParseTemplate Behavior [ RunTime:0.022698s ]
INFO: [ view_parse ] --END-- [ RunTime:0.022811s ]
INFO: [ view_filter ] --START--
INFO: Run ContentReplace Behavior [ RunTime:0.000610s ]
INFO: Run TokenBuild Behavior [ RunTime:0.000428s ]
INFO: Run WriteHtmlCache Behavior [ RunTime:0.000282s ]
INFO: Run ShowRuntime Behavior [ RunTime:0.000524s ]
INFO: [ view_filter ] --END-- [ RunTime:0.002069s ]
INFO: [ view_end ] --START--
INFO: Run ShowPageTrace Behavior [ RunTime:0.000660s ]
INFO: [ view_end ] --END-- [ RunTime:0.000736s ]

[ 2017-12-11T17:25:05+08:00 ] 127.0.0.1 /2017/resume/
INFO: [ app_begin ] --START--
INFO: Run ReadHtmlCache Behavior [ RunTime:0.001479s ]
INFO: [ app_begin ] --END-- [ RunTime:0.001626s ]
SQL: SHOW COLUMNS FROM `re_resume` [ RunTime:0.003177s ]
SQL: SELECT * FROM `re_resume`  [ RunTime:0.000437s ]
NOTIC: [8] Use of undefined constant data - assumed 'data' F:\AppServ\www\2017\resume\Home\Lib\Action\IndexAction.class.php 第 7 行.
SQL: SHOW COLUMNS FROM `re_about` [ RunTime:0.002675s ]
SQL: SELECT * FROM `re_about`  [ RunTime:0.000485s ]
NOTIC: [8] Use of undefined constant data1 - assumed 'data1' F:\AppServ\www\2017\resume\Home\Lib\Action\IndexAction.class.php 第 11 行.
SQL: SHOW COLUMNS FROM `re_project` [ RunTime:0.002720s ]
SQL: SELECT * FROM `re_project`  [ RunTime:0.000488s ]
NOTIC: [8] Use of undefined constant data2 - assumed 'data2' F:\AppServ\www\2017\resume\Home\Lib\Action\IndexAction.class.php 第 15 行.
SQL: SHOW COLUMNS FROM `re_contact` [ RunTime:0.003040s ]
SQL: SELECT * FROM `re_contact`  [ RunTime:0.000444s ]
NOTIC: [8] Use of undefined constant data3 - assumed 'data3' F:\AppServ\www\2017\resume\Home\Lib\Action\IndexAction.class.php 第 19 行.
SQL: SHOW COLUMNS FROM `re_message` [ RunTime:0.002776s ]
SQL: SELECT * FROM `re_message`  [ RunTime:0.000511s ]
NOTIC: [8] Use of undefined constant data4 - assumed 'data4' F:\AppServ\www\2017\resume\Home\Lib\Action\IndexAction.class.php 第 23 行.
INFO: [ view_template ] --START--
INFO: Run LocationTemplate Behavior [ RunTime:0.002013s ]
INFO: [ view_template ] --END-- [ RunTime:0.002110s ]
INFO: [ view_parse ] --START--
INFO: Run ParseTemplate Behavior [ RunTime:0.027596s ]
INFO: [ view_parse ] --END-- [ RunTime:0.027710s ]
INFO: [ view_filter ] --START--
INFO: Run ContentReplace Behavior [ RunTime:0.001286s ]
INFO: Run TokenBuild Behavior [ RunTime:0.001256s ]
INFO: Run WriteHtmlCache Behavior [ RunTime:0.001017s ]
INFO: Run ShowRuntime Behavior [ RunTime:0.001251s ]
INFO: [ view_filter ] --END-- [ RunTime:0.005036s ]
INFO: [ view_end ] --START--
INFO: Run ShowPageTrace Behavior [ RunTime:0.001398s ]
INFO: [ view_end ] --END-- [ RunTime:0.001479s ]

