[ 2017-12-12T09:52:52+08:00 ] 127.0.0.1 /2017/resume/
INFO: [ app_begin ] --START--
INFO: Run ReadHtmlCache Behavior [ RunTime:0.001515s ]
INFO: [ app_begin ] --END-- [ RunTime:0.001632s ]
SQL: SHOW COLUMNS FROM `re_resume` [ RunTime:0.003475s ]
SQL: SELECT * FROM `re_resume`  [ RunTime:0.000338s ]
NOTIC: [8] Use of undefined constant data - assumed 'data' F:\AppServ\www\2017\resume\Home\Lib\Action\IndexAction.class.php 第 7 行.
SQL: SHOW COLUMNS FROM `re_about` [ RunTime:0.002823s ]
SQL: SELECT * FROM `re_about`  [ RunTime:0.000562s ]
NOTIC: [8] Use of undefined constant data1 - assumed 'data1' F:\AppServ\www\2017\resume\Home\Lib\Action\IndexAction.class.php 第 11 行.
SQL: SHOW COLUMNS FROM `re_project` [ RunTime:0.002967s ]
SQL: SELECT * FROM `re_project`  [ RunTime:0.000506s ]
NOTIC: [8] Use of undefined constant data2 - assumed 'data2' F:\AppServ\www\2017\resume\Home\Lib\Action\IndexAction.class.php 第 15 行.
SQL: SHOW COLUMNS FROM `re_contact` [ RunTime:0.003614s ]
SQL: SELECT * FROM `re_contact`  [ RunTime:0.000480s ]
NOTIC: [8] Use of undefined constant data3 - assumed 'data3' F:\AppServ\www\2017\resume\Home\Lib\Action\IndexAction.class.php 第 19 行.
SQL: SHOW COLUMNS FROM `re_message` [ RunTime:0.004548s ]
SQL: SELECT * FROM `re_message`  [ RunTime:0.000471s ]
NOTIC: [8] Use of undefined constant data4 - assumed 'data4' F:\AppServ\www\2017\resume\Home\Lib\Action\IndexAction.class.php 第 23 行.
INFO: [ view_template ] --START--
INFO: Run LocationTemplate Behavior [ RunTime:0.002237s ]
INFO: [ view_template ] --END-- [ RunTime:0.002340s ]
INFO: [ view_parse ] --START--
INFO: Run ParseTemplate Behavior [ RunTime:0.034784s ]
INFO: [ view_parse ] --END-- [ RunTime:0.034894s ]
INFO: [ view_filter ] --START--
INFO: Run ContentReplace Behavior [ RunTime:0.001366s ]
INFO: Run TokenBuild Behavior [ RunTime:0.001212s ]
INFO: Run WriteHtmlCache Behavior [ RunTime:0.001622s ]
INFO: Run ShowRuntime Behavior [ RunTime:0.001540s ]
INFO: [ view_filter ] --END-- [ RunTime:0.006013s ]
INFO: [ view_end ] --START--
INFO: Run ShowPageTrace Behavior [ RunTime:0.001558s ]
INFO: [ view_end ] --END-- [ RunTime:0.001654s ]

[ 2017-12-12T09:53:47+08:00 ] 127.0.0.1 /2017/resume/index.php/Index/do_message
INFO: [ route_check ] --START--
INFO: Run CheckRoute Behavior [ RunTime:0.001949s ]
INFO: [ route_check ] --END-- [ RunTime:0.002121s ]
INFO: [ app_begin ] --START--
INFO: Run ReadHtmlCache Behavior [ RunTime:0.001172s ]
INFO: [ app_begin ] --END-- [ RunTime:0.001321s ]
SQL: SHOW COLUMNS FROM `re_message` [ RunTime:0.005304s ]
SQL: INSERT INTO `re_message` (`name`,`email`,`message`,`time`) VALUES ('赵世林','123@qq.com','昨晚睡得有点晚，天龙八部还是那么好看。。。',1513043627) [ RunTime:0.001053s ]
INFO: [ view_template ] --START--
INFO: Run LocationTemplate Behavior [ RunTime:0.001397s ]
INFO: [ view_template ] --END-- [ RunTime:0.001539s ]
INFO: [ view_parse ] --START--
INFO: Run ParseTemplate Behavior [ RunTime:0.013087s ]
INFO: [ view_parse ] --END-- [ RunTime:0.013259s ]
INFO: [ view_filter ] --START--
INFO: Run ContentReplace Behavior [ RunTime:0.000726s ]
INFO: Run TokenBuild Behavior [ RunTime:0.000774s ]
INFO: Run WriteHtmlCache Behavior [ RunTime:0.000445s ]
INFO: Run ShowRuntime Behavior [ RunTime:0.000557s ]
INFO: [ view_filter ] --END-- [ RunTime:0.002873s ]
INFO: [ view_end ] --START--
INFO: Run ShowPageTrace Behavior [ RunTime:0.000677s ]
INFO: [ view_end ] --END-- [ RunTime:0.000758s ]

[ 2017-12-12T09:53:47+08:00 ] ERR: (ThinkException) 非法操作:assets
[ 2017-12-12T09:53:48+08:00 ] 127.0.0.1 /2017/resume/index.php/Index/index
INFO: [ route_check ] --START--
INFO: Run CheckRoute Behavior [ RunTime:0.001024s ]
INFO: [ route_check ] --END-- [ RunTime:0.001153s ]
INFO: [ app_begin ] --START--
INFO: Run ReadHtmlCache Behavior [ RunTime:0.000661s ]
INFO: [ app_begin ] --END-- [ RunTime:0.000759s ]
SQL: SHOW COLUMNS FROM `re_resume` [ RunTime:0.003715s ]
SQL: SELECT * FROM `re_resume`  [ RunTime:0.000764s ]
NOTIC: [8] Use of undefined constant data - assumed 'data' F:\AppServ\www\2017\resume\Home\Lib\Action\IndexAction.class.php 第 7 行.
SQL: SHOW COLUMNS FROM `re_about` [ RunTime:0.002873s ]
SQL: SELECT * FROM `re_about`  [ RunTime:0.000882s ]
NOTIC: [8] Use of undefined constant data1 - assumed 'data1' F:\AppServ\www\2017\resume\Home\Lib\Action\IndexAction.class.php 第 11 行.
SQL: SHOW COLUMNS FROM `re_project` [ RunTime:0.002943s ]
SQL: SELECT * FROM `re_project`  [ RunTime:0.000260s ]
NOTIC: [8] Use of undefined constant data2 - assumed 'data2' F:\AppServ\www\2017\resume\Home\Lib\Action\IndexAction.class.php 第 15 行.
SQL: SHOW COLUMNS FROM `re_contact` [ RunTime:0.002338s ]
SQL: SELECT * FROM `re_contact`  [ RunTime:0.000333s ]
NOTIC: [8] Use of undefined constant data3 - assumed 'data3' F:\AppServ\www\2017\resume\Home\Lib\Action\IndexAction.class.php 第 19 行.
SQL: SHOW COLUMNS FROM `re_message` [ RunTime:0.002525s ]
SQL: SELECT * FROM `re_message`  [ RunTime:0.000412s ]
NOTIC: [8] Use of undefined constant data4 - assumed 'data4' F:\AppServ\www\2017\resume\Home\Lib\Action\IndexAction.class.php 第 23 行.
INFO: [ view_template ] --START--
INFO: Run LocationTemplate Behavior [ RunTime:0.000558s ]
INFO: [ view_template ] --END-- [ RunTime:0.000651s ]
INFO: [ view_parse ] --START--
INFO: Run ParseTemplate Behavior [ RunTime:0.023246s ]
INFO: [ view_parse ] --END-- [ RunTime:0.023357s ]
INFO: [ view_filter ] --START--
INFO: Run ContentReplace Behavior [ RunTime:0.000517s ]
INFO: Run TokenBuild Behavior [ RunTime:0.000420s ]
INFO: Run WriteHtmlCache Behavior [ RunTime:0.000282s ]
INFO: Run ShowRuntime Behavior [ RunTime:0.000514s ]
INFO: [ view_filter ] --END-- [ RunTime:0.001951s ]
INFO: [ view_end ] --START--
INFO: Run ShowPageTrace Behavior [ RunTime:0.000658s ]
INFO: [ view_end ] --END-- [ RunTime:0.000735s ]

[ 2017-12-12T09:53:48+08:00 ] ERR: (ThinkException) 非法操作:apple-touch-icon
