[ 2017-12-08T09:43:54+08:00 ] 127.0.0.1 /2017/resume/
INFO: [ app_begin ] --START--
INFO: Run ReadHtmlCache Behavior [ RunTime:0.050974s ]
INFO: [ app_begin ] --END-- [ RunTime:0.051168s ]
INFO: [ view_template ] --START--
INFO: Run LocationTemplate Behavior [ RunTime:0.021353s ]
INFO: [ view_template ] --END-- [ RunTime:0.021483s ]
INFO: [ view_parse ] --START--
INFO: Run ParseTemplate Behavior [ RunTime:0.276118s ]
INFO: [ view_parse ] --END-- [ RunTime:0.276237s ]
INFO: [ view_filter ] --START--
INFO: Run ContentReplace Behavior [ RunTime:0.010581s ]
INFO: Run TokenBuild Behavior [ RunTime:0.009444s ]
INFO: Run WriteHtmlCache Behavior [ RunTime:0.008341s ]
INFO: Run ShowRuntime Behavior [ RunTime:0.005550s ]
INFO: [ view_filter ] --END-- [ RunTime:0.034221s ]
INFO: [ view_end ] --START--
INFO: Run ShowPageTrace Behavior [ RunTime:0.009311s ]
INFO: [ view_end ] --END-- [ RunTime:0.009421s ]

[ 2017-12-08T11:14:22+08:00 ] 127.0.0.1 /2017/resume/
INFO: [ app_begin ] --START--
INFO: Run ReadHtmlCache Behavior [ RunTime:0.001398s ]
INFO: [ app_begin ] --END-- [ RunTime:0.001511s ]
INFO: [ view_template ] --START--
INFO: Run LocationTemplate Behavior [ RunTime:0.001900s ]
INFO: [ view_template ] --END-- [ RunTime:0.001991s ]
INFO: [ view_parse ] --START--
INFO: Run ParseTemplate Behavior [ RunTime:0.023145s ]
INFO: [ view_parse ] --END-- [ RunTime:0.023259s ]
INFO: [ view_filter ] --START--
INFO: Run ContentReplace Behavior [ RunTime:0.001417s ]
INFO: Run TokenBuild Behavior [ RunTime:0.001228s ]
INFO: Run WriteHtmlCache Behavior [ RunTime:0.001066s ]
INFO: Run ShowRuntime Behavior [ RunTime:0.001272s ]
INFO: [ view_filter ] --END-- [ RunTime:0.005226s ]
INFO: [ view_end ] --START--
INFO: Run ShowPageTrace Behavior [ RunTime:0.001463s ]
INFO: [ view_end ] --END-- [ RunTime:0.001554s ]

[ 2017-12-08T15:53:22+08:00 ] 127.0.0.1 /2017/resume/
INFO: [ app_begin ] --START--
INFO: Run ReadHtmlCache Behavior [ RunTime:0.001398s ]
INFO: [ app_begin ] --END-- [ RunTime:0.001573s ]
INFO: [ view_template ] --START--
INFO: Run LocationTemplate Behavior [ RunTime:0.001164s ]
INFO: [ view_template ] --END-- [ RunTime:0.001258s ]
INFO: [ view_parse ] --START--
INFO: Run ParseTemplate Behavior [ RunTime:0.018949s ]
INFO: [ view_parse ] --END-- [ RunTime:0.019067s ]
INFO: [ view_filter ] --START--
INFO: Run ContentReplace Behavior [ RunTime:0.000513s ]
INFO: Run TokenBuild Behavior [ RunTime:0.000486s ]
INFO: Run WriteHtmlCache Behavior [ RunTime:0.000700s ]
INFO: Run ShowRuntime Behavior [ RunTime:0.000527s ]
INFO: [ view_filter ] --END-- [ RunTime:0.002463s ]
INFO: [ view_end ] --START--
INFO: Run ShowPageTrace Behavior [ RunTime:0.000661s ]
INFO: [ view_end ] --END-- [ RunTime:0.000742s ]

[ 2017-12-08T19:36:50+08:00 ] 127.0.0.1 /2017/resume/
INFO: [ app_begin ] --START--
INFO: Run ReadHtmlCache Behavior [ RunTime:0.001247s ]
INFO: [ app_begin ] --END-- [ RunTime:0.001444s ]
INFO: [ view_template ] --START--
INFO: Run LocationTemplate Behavior [ RunTime:0.002570s ]
INFO: [ view_template ] --END-- [ RunTime:0.002691s ]
INFO: [ view_parse ] --START--
INFO: Run ParseTemplate Behavior [ RunTime:0.027974s ]
INFO: [ view_parse ] --END-- [ RunTime:0.028125s ]
INFO: [ view_filter ] --START--
INFO: Run ContentReplace Behavior [ RunTime:0.002290s ]
INFO: Run TokenBuild Behavior [ RunTime:0.002120s ]
INFO: Run WriteHtmlCache Behavior [ RunTime:0.001152s ]
INFO: Run ShowRuntime Behavior [ RunTime:0.001350s ]
INFO: [ view_filter ] --END-- [ RunTime:0.007287s ]
INFO: [ view_end ] --START--
INFO: Run ShowPageTrace Behavior [ RunTime:0.001429s ]
INFO: [ view_end ] --END-- [ RunTime:0.001514s ]

