[ 2017-12-15T10:20:10+08:00 ] 127.0.0.1 /2017/resume/
INFO: [ app_begin ] --START--
INFO: Run ReadHtmlCache Behavior [ RunTime:0.002109s ]
INFO: [ app_begin ] --END-- [ RunTime:0.002249s ]
SQL: SHOW COLUMNS FROM `re_resume` [ RunTime:0.003260s ]
SQL: SELECT * FROM `re_resume`  [ RunTime:0.000351s ]
NOTIC: [8] Use of undefined constant data - assumed 'data' F:\AppServ\www\2017\resume\Home\Lib\Action\IndexAction.class.php 第 7 行.
SQL: SHOW COLUMNS FROM `re_about` [ RunTime:0.003020s ]
SQL: SELECT * FROM `re_about`  [ RunTime:0.000515s ]
NOTIC: [8] Use of undefined constant data1 - assumed 'data1' F:\AppServ\www\2017\resume\Home\Lib\Action\IndexAction.class.php 第 11 行.
SQL: SHOW COLUMNS FROM `re_project` [ RunTime:0.003766s ]
SQL: SELECT * FROM `re_project`  [ RunTime:0.001849s ]
NOTIC: [8] Use of undefined constant data2 - assumed 'data2' F:\AppServ\www\2017\resume\Home\Lib\Action\IndexAction.class.php 第 15 行.
SQL: SHOW COLUMNS FROM `re_contact` [ RunTime:0.003901s ]
SQL: SELECT * FROM `re_contact`  [ RunTime:0.000245s ]
NOTIC: [8] Use of undefined constant data3 - assumed 'data3' F:\AppServ\www\2017\resume\Home\Lib\Action\IndexAction.class.php 第 19 行.
SQL: SHOW COLUMNS FROM `re_message` [ RunTime:0.003252s ]
SQL: SELECT * FROM `re_message`  [ RunTime:0.000545s ]
NOTIC: [8] Use of undefined constant data4 - assumed 'data4' F:\AppServ\www\2017\resume\Home\Lib\Action\IndexAction.class.php 第 23 行.
INFO: [ view_template ] --START--
INFO: Run LocationTemplate Behavior [ RunTime:0.002258s ]
INFO: [ view_template ] --END-- [ RunTime:0.002359s ]
INFO: [ view_parse ] --START--
INFO: Run ParseTemplate Behavior [ RunTime:0.070733s ]
INFO: [ view_parse ] --END-- [ RunTime:0.070855s ]
INFO: [ view_filter ] --START--
INFO: Run ContentReplace Behavior [ RunTime:0.002492s ]
INFO: Run TokenBuild Behavior [ RunTime:0.001840s ]
INFO: Run WriteHtmlCache Behavior [ RunTime:0.001556s ]
INFO: Run ShowRuntime Behavior [ RunTime:0.001416s ]
INFO: [ view_filter ] --END-- [ RunTime:0.007604s ]
INFO: [ view_end ] --START--
INFO: Run ShowPageTrace Behavior [ RunTime:0.001489s ]
INFO: [ view_end ] --END-- [ RunTime:0.001571s ]

[ 2017-12-15T10:22:18+08:00 ] 127.0.0.1 /2017/resume/
INFO: [ app_begin ] --START--
INFO: Run ReadHtmlCache Behavior [ RunTime:0.002360s ]
INFO: [ app_begin ] --END-- [ RunTime:0.002527s ]
SQL: SHOW COLUMNS FROM `re_resume` [ RunTime:0.003802s ]
SQL: SELECT * FROM `re_resume`  [ RunTime:0.000598s ]
NOTIC: [8] Use of undefined constant data - assumed 'data' F:\AppServ\www\2017\resume\Home\Lib\Action\IndexAction.class.php 第 7 行.
SQL: SHOW COLUMNS FROM `re_about` [ RunTime:0.002576s ]
SQL: SELECT * FROM `re_about`  [ RunTime:0.000644s ]
NOTIC: [8] Use of undefined constant data1 - assumed 'data1' F:\AppServ\www\2017\resume\Home\Lib\Action\IndexAction.class.php 第 11 行.
SQL: SHOW COLUMNS FROM `re_project` [ RunTime:0.002845s ]
SQL: SELECT * FROM `re_project`  [ RunTime:0.000860s ]
NOTIC: [8] Use of undefined constant data2 - assumed 'data2' F:\AppServ\www\2017\resume\Home\Lib\Action\IndexAction.class.php 第 15 行.
SQL: SHOW COLUMNS FROM `re_contact` [ RunTime:0.010186s ]
SQL: SELECT * FROM `re_contact`  [ RunTime:0.000625s ]
NOTIC: [8] Use of undefined constant data3 - assumed 'data3' F:\AppServ\www\2017\resume\Home\Lib\Action\IndexAction.class.php 第 19 行.
SQL: SHOW COLUMNS FROM `re_message` [ RunTime:0.002610s ]
SQL: SELECT * FROM `re_message`  [ RunTime:0.001323s ]
NOTIC: [8] Use of undefined constant data4 - assumed 'data4' F:\AppServ\www\2017\resume\Home\Lib\Action\IndexAction.class.php 第 23 行.
INFO: [ view_template ] --START--
INFO: Run LocationTemplate Behavior [ RunTime:0.003719s ]
INFO: [ view_template ] --END-- [ RunTime:0.004000s ]
INFO: [ view_parse ] --START--
INFO: Run ParseTemplate Behavior [ RunTime:0.038432s ]
INFO: [ view_parse ] --END-- [ RunTime:0.038634s ]
INFO: [ view_filter ] --START--
INFO: Run ContentReplace Behavior [ RunTime:0.001679s ]
INFO: Run TokenBuild Behavior [ RunTime:0.001294s ]
INFO: Run WriteHtmlCache Behavior [ RunTime:0.001068s ]
INFO: Run ShowRuntime Behavior [ RunTime:0.001459s ]
INFO: [ view_filter ] --END-- [ RunTime:0.005865s ]
INFO: [ view_end ] --START--
INFO: Run ShowPageTrace Behavior [ RunTime:0.002159s ]
INFO: [ view_end ] --END-- [ RunTime:0.002372s ]

[ 2017-12-15T10:23:29+08:00 ] 127.0.0.1 /2017/resume/
INFO: [ app_begin ] --START--
INFO: Run ReadHtmlCache Behavior [ RunTime:0.001008s ]
INFO: [ app_begin ] --END-- [ RunTime:0.001193s ]
SQL: SHOW COLUMNS FROM `re_resume` [ RunTime:0.003447s ]
SQL: SELECT * FROM `re_resume`  [ RunTime:0.000924s ]
NOTIC: [8] Use of undefined constant data - assumed 'data' F:\AppServ\www\2017\resume\Home\Lib\Action\IndexAction.class.php 第 7 行.
SQL: SHOW COLUMNS FROM `re_about` [ RunTime:0.006585s ]
SQL: SELECT * FROM `re_about`  [ RunTime:0.000708s ]
NOTIC: [8] Use of undefined constant data1 - assumed 'data1' F:\AppServ\www\2017\resume\Home\Lib\Action\IndexAction.class.php 第 11 行.
SQL: SHOW COLUMNS FROM `re_project` [ RunTime:0.002894s ]
SQL: SELECT * FROM `re_project`  [ RunTime:0.000659s ]
NOTIC: [8] Use of undefined constant data2 - assumed 'data2' F:\AppServ\www\2017\resume\Home\Lib\Action\IndexAction.class.php 第 15 行.
SQL: SHOW COLUMNS FROM `re_contact` [ RunTime:0.003636s ]
SQL: SELECT * FROM `re_contact`  [ RunTime:0.000647s ]
NOTIC: [8] Use of undefined constant data3 - assumed 'data3' F:\AppServ\www\2017\resume\Home\Lib\Action\IndexAction.class.php 第 19 行.
SQL: SHOW COLUMNS FROM `re_message` [ RunTime:0.005071s ]
SQL: SELECT * FROM `re_message`  [ RunTime:0.001179s ]
NOTIC: [8] Use of undefined constant data4 - assumed 'data4' F:\AppServ\www\2017\resume\Home\Lib\Action\IndexAction.class.php 第 23 行.
INFO: [ view_template ] --START--
INFO: Run LocationTemplate Behavior [ RunTime:0.000542s ]
INFO: [ view_template ] --END-- [ RunTime:0.000643s ]
INFO: [ view_parse ] --START--
INFO: Run ParseTemplate Behavior [ RunTime:0.025967s ]
INFO: [ view_parse ] --END-- [ RunTime:0.026212s ]
INFO: [ view_filter ] --START--
INFO: Run ContentReplace Behavior [ RunTime:0.000992s ]
INFO: Run TokenBuild Behavior [ RunTime:0.001160s ]
INFO: Run WriteHtmlCache Behavior [ RunTime:0.000671s ]
INFO: Run ShowRuntime Behavior [ RunTime:0.000734s ]
INFO: [ view_filter ] --END-- [ RunTime:0.004124s ]
INFO: [ view_end ] --START--
INFO: Run ShowPageTrace Behavior [ RunTime:0.000935s ]
INFO: [ view_end ] --END-- [ RunTime:0.001060s ]

[ 2017-12-15T16:22:02+08:00 ] 127.0.0.1 /2017/resume/
INFO: [ app_begin ] --START--
INFO: Run ReadHtmlCache Behavior [ RunTime:0.001572s ]
INFO: [ app_begin ] --END-- [ RunTime:0.001712s ]
SQL: SHOW COLUMNS FROM `re_resume` [ RunTime:0.004079s ]
SQL: SELECT * FROM `re_resume`  [ RunTime:0.001251s ]
NOTIC: [8] Use of undefined constant data - assumed 'data' F:\AppServ\www\2017\resume\Home\Lib\Action\IndexAction.class.php 第 7 行.
SQL: SHOW COLUMNS FROM `re_about` [ RunTime:0.003240s ]
SQL: SELECT * FROM `re_about`  [ RunTime:0.000506s ]
NOTIC: [8] Use of undefined constant data1 - assumed 'data1' F:\AppServ\www\2017\resume\Home\Lib\Action\IndexAction.class.php 第 11 行.
SQL: SHOW COLUMNS FROM `re_project` [ RunTime:0.003027s ]
SQL: SELECT * FROM `re_project`  [ RunTime:0.000549s ]
NOTIC: [8] Use of undefined constant data2 - assumed 'data2' F:\AppServ\www\2017\resume\Home\Lib\Action\IndexAction.class.php 第 15 行.
SQL: SHOW COLUMNS FROM `re_contact` [ RunTime:0.003409s ]
SQL: SELECT * FROM `re_contact`  [ RunTime:0.000735s ]
NOTIC: [8] Use of undefined constant data3 - assumed 'data3' F:\AppServ\www\2017\resume\Home\Lib\Action\IndexAction.class.php 第 19 行.
SQL: SHOW COLUMNS FROM `re_message` [ RunTime:0.003486s ]
SQL: SELECT * FROM `re_message`  [ RunTime:0.000659s ]
NOTIC: [8] Use of undefined constant data4 - assumed 'data4' F:\AppServ\www\2017\resume\Home\Lib\Action\IndexAction.class.php 第 23 行.
INFO: [ view_template ] --START--
INFO: Run LocationTemplate Behavior [ RunTime:0.002208s ]
INFO: [ view_template ] --END-- [ RunTime:0.002325s ]
INFO: [ view_parse ] --START--
INFO: Run ParseTemplate Behavior [ RunTime:0.028892s ]
INFO: [ view_parse ] --END-- [ RunTime:0.029045s ]
INFO: [ view_filter ] --START--
INFO: Run ContentReplace Behavior [ RunTime:0.001985s ]
INFO: Run TokenBuild Behavior [ RunTime:0.001794s ]
INFO: Run WriteHtmlCache Behavior [ RunTime:0.001531s ]
INFO: Run ShowRuntime Behavior [ RunTime:0.001321s ]
INFO: [ view_filter ] --END-- [ RunTime:0.006953s ]
INFO: [ view_end ] --START--
INFO: Run ShowPageTrace Behavior [ RunTime:0.001659s ]
INFO: [ view_end ] --END-- [ RunTime:0.001799s ]

[ 2017-12-15T16:39:27+08:00 ] 127.0.0.1 /2017/resume/
INFO: [ app_begin ] --START--
INFO: Run ReadHtmlCache Behavior [ RunTime:0.000871s ]
INFO: [ app_begin ] --END-- [ RunTime:0.001061s ]
SQL: SHOW COLUMNS FROM `re_resume` [ RunTime:0.006098s ]
SQL: SELECT * FROM `re_resume`  [ RunTime:0.000396s ]
NOTIC: [8] Use of undefined constant data - assumed 'data' F:\AppServ\www\2017\resume\Home\Lib\Action\IndexAction.class.php 第 7 行.
SQL: SHOW COLUMNS FROM `re_about` [ RunTime:0.002651s ]
SQL: SELECT * FROM `re_about`  [ RunTime:0.000293s ]
NOTIC: [8] Use of undefined constant data1 - assumed 'data1' F:\AppServ\www\2017\resume\Home\Lib\Action\IndexAction.class.php 第 11 行.
SQL: SHOW COLUMNS FROM `re_project` [ RunTime:0.002488s ]
SQL: SELECT * FROM `re_project`  [ RunTime:0.000385s ]
NOTIC: [8] Use of undefined constant data2 - assumed 'data2' F:\AppServ\www\2017\resume\Home\Lib\Action\IndexAction.class.php 第 15 行.
SQL: SHOW COLUMNS FROM `re_contact` [ RunTime:0.003672s ]
SQL: SELECT * FROM `re_contact`  [ RunTime:0.001998s ]
NOTIC: [8] Use of undefined constant data3 - assumed 'data3' F:\AppServ\www\2017\resume\Home\Lib\Action\IndexAction.class.php 第 19 行.
SQL: SHOW COLUMNS FROM `re_message` [ RunTime:0.004139s ]
SQL: SELECT * FROM `re_message`  [ RunTime:0.000681s ]
NOTIC: [8] Use of undefined constant data4 - assumed 'data4' F:\AppServ\www\2017\resume\Home\Lib\Action\IndexAction.class.php 第 23 行.
INFO: [ view_template ] --START--
INFO: Run LocationTemplate Behavior [ RunTime:0.001333s ]
INFO: [ view_template ] --END-- [ RunTime:0.001426s ]
INFO: [ view_parse ] --START--
INFO: Run ParseTemplate Behavior [ RunTime:0.027493s ]
INFO: [ view_parse ] --END-- [ RunTime:0.027656s ]
INFO: [ view_filter ] --START--
INFO: Run ContentReplace Behavior [ RunTime:0.000742s ]
INFO: Run TokenBuild Behavior [ RunTime:0.000676s ]
INFO: Run WriteHtmlCache Behavior [ RunTime:0.000499s ]
INFO: Run ShowRuntime Behavior [ RunTime:0.000636s ]
INFO: [ view_filter ] --END-- [ RunTime:0.002892s ]
INFO: [ view_end ] --START--
INFO: Run ShowPageTrace Behavior [ RunTime:0.000777s ]
INFO: [ view_end ] --END-- [ RunTime:0.000862s ]

[ 2017-12-15T16:41:22+08:00 ] 127.0.0.1 /2017/resume/
INFO: [ app_begin ] --START--
INFO: Run ReadHtmlCache Behavior [ RunTime:0.001071s ]
INFO: [ app_begin ] --END-- [ RunTime:0.001308s ]
SQL: SHOW COLUMNS FROM `re_resume` [ RunTime:0.005956s ]
SQL: SELECT * FROM `re_resume`  [ RunTime:0.000811s ]
NOTIC: [8] Use of undefined constant data - assumed 'data' F:\AppServ\www\2017\resume\Home\Lib\Action\IndexAction.class.php 第 7 行.
SQL: SHOW COLUMNS FROM `re_about` [ RunTime:0.002617s ]
SQL: SELECT * FROM `re_about`  [ RunTime:0.000621s ]
NOTIC: [8] Use of undefined constant data1 - assumed 'data1' F:\AppServ\www\2017\resume\Home\Lib\Action\IndexAction.class.php 第 11 行.
SQL: SHOW COLUMNS FROM `re_project` [ RunTime:0.003847s ]
SQL: SELECT * FROM `re_project`  [ RunTime:0.001468s ]
NOTIC: [8] Use of undefined constant data2 - assumed 'data2' F:\AppServ\www\2017\resume\Home\Lib\Action\IndexAction.class.php 第 15 行.
SQL: SHOW COLUMNS FROM `re_contact` [ RunTime:0.005802s ]
SQL: SELECT * FROM `re_contact`  [ RunTime:0.000967s ]
NOTIC: [8] Use of undefined constant data3 - assumed 'data3' F:\AppServ\www\2017\resume\Home\Lib\Action\IndexAction.class.php 第 19 行.
SQL: SHOW COLUMNS FROM `re_message` [ RunTime:0.002657s ]
SQL: SELECT * FROM `re_message`  [ RunTime:0.001066s ]
NOTIC: [8] Use of undefined constant data4 - assumed 'data4' F:\AppServ\www\2017\resume\Home\Lib\Action\IndexAction.class.php 第 23 行.
INFO: [ view_template ] --START--
INFO: Run LocationTemplate Behavior [ RunTime:0.006510s ]
INFO: [ view_template ] --END-- [ RunTime:0.006890s ]
INFO: [ view_parse ] --START--
INFO: Run ParseTemplate Behavior [ RunTime:0.041683s ]
INFO: [ view_parse ] --END-- [ RunTime:0.041885s ]
INFO: [ view_filter ] --START--
INFO: Run ContentReplace Behavior [ RunTime:0.002492s ]
INFO: Run TokenBuild Behavior [ RunTime:0.003650s ]
INFO: Run WriteHtmlCache Behavior [ RunTime:0.003340s ]
INFO: Run ShowRuntime Behavior [ RunTime:0.002875s ]
INFO: [ view_filter ] --END-- [ RunTime:0.012765s ]
INFO: [ view_end ] --START--
INFO: Run ShowPageTrace Behavior [ RunTime:0.002326s ]
INFO: [ view_end ] --END-- [ RunTime:0.002440s ]

[ 2017-12-15T16:41:54+08:00 ] 127.0.0.1 /2017/resume/
INFO: [ app_begin ] --START--
INFO: Run ReadHtmlCache Behavior [ RunTime:0.002252s ]
INFO: [ app_begin ] --END-- [ RunTime:0.002470s ]
SQL: SHOW COLUMNS FROM `re_resume` [ RunTime:0.002971s ]
SQL: SELECT * FROM `re_resume`  [ RunTime:0.000295s ]
NOTIC: [8] Use of undefined constant data - assumed 'data' F:\AppServ\www\2017\resume\Home\Lib\Action\IndexAction.class.php 第 7 行.
SQL: SHOW COLUMNS FROM `re_about` [ RunTime:0.002572s ]
SQL: SELECT * FROM `re_about`  [ RunTime:0.001080s ]
NOTIC: [8] Use of undefined constant data1 - assumed 'data1' F:\AppServ\www\2017\resume\Home\Lib\Action\IndexAction.class.php 第 11 行.
SQL: SHOW COLUMNS FROM `re_project` [ RunTime:0.005764s ]
SQL: SELECT * FROM `re_project`  [ RunTime:0.001577s ]
NOTIC: [8] Use of undefined constant data2 - assumed 'data2' F:\AppServ\www\2017\resume\Home\Lib\Action\IndexAction.class.php 第 15 行.
SQL: SHOW COLUMNS FROM `re_contact` [ RunTime:0.003798s ]
SQL: SELECT * FROM `re_contact`  [ RunTime:0.000593s ]
NOTIC: [8] Use of undefined constant data3 - assumed 'data3' F:\AppServ\www\2017\resume\Home\Lib\Action\IndexAction.class.php 第 19 行.
SQL: SHOW COLUMNS FROM `re_message` [ RunTime:0.003847s ]
SQL: SELECT * FROM `re_message`  [ RunTime:0.001109s ]
NOTIC: [8] Use of undefined constant data4 - assumed 'data4' F:\AppServ\www\2017\resume\Home\Lib\Action\IndexAction.class.php 第 23 行.
INFO: [ view_template ] --START--
INFO: Run LocationTemplate Behavior [ RunTime:0.005347s ]
INFO: [ view_template ] --END-- [ RunTime:0.005531s ]
INFO: [ view_parse ] --START--
INFO: Run ParseTemplate Behavior [ RunTime:0.035747s ]
INFO: [ view_parse ] --END-- [ RunTime:0.035888s ]
INFO: [ view_filter ] --START--
INFO: Run ContentReplace Behavior [ RunTime:0.001377s ]
INFO: Run TokenBuild Behavior [ RunTime:0.001250s ]
INFO: Run WriteHtmlCache Behavior [ RunTime:0.001081s ]
INFO: Run ShowRuntime Behavior [ RunTime:0.002034s ]
INFO: [ view_filter ] --END-- [ RunTime:0.006009s ]
INFO: [ view_end ] --START--
INFO: Run ShowPageTrace Behavior [ RunTime:0.001959s ]
INFO: [ view_end ] --END-- [ RunTime:0.002071s ]

[ 2017-12-15T16:56:56+08:00 ] 127.0.0.1 /2017/resume/
INFO: [ app_begin ] --START--
INFO: Run ReadHtmlCache Behavior [ RunTime:0.001472s ]
INFO: [ app_begin ] --END-- [ RunTime:0.001598s ]
SQL: SHOW COLUMNS FROM `re_resume` [ RunTime:0.043272s ]
SQL: SELECT * FROM `re_resume`  [ RunTime:0.000610s ]
NOTIC: [8] Use of undefined constant data - assumed 'data' F:\AppServ\www\2017\resume\Home\Lib\Action\IndexAction.class.php 第 7 行.
SQL: SHOW COLUMNS FROM `re_about` [ RunTime:0.004760s ]
SQL: SELECT * FROM `re_about`  [ RunTime:0.001674s ]
NOTIC: [8] Use of undefined constant data1 - assumed 'data1' F:\AppServ\www\2017\resume\Home\Lib\Action\IndexAction.class.php 第 11 行.
SQL: SHOW COLUMNS FROM `re_project` [ RunTime:0.006887s ]
SQL: SELECT * FROM `re_project`  [ RunTime:0.000742s ]
NOTIC: [8] Use of undefined constant data2 - assumed 'data2' F:\AppServ\www\2017\resume\Home\Lib\Action\IndexAction.class.php 第 15 行.
SQL: SHOW COLUMNS FROM `re_contact` [ RunTime:0.005502s ]
SQL: SELECT * FROM `re_contact`  [ RunTime:0.000304s ]
NOTIC: [8] Use of undefined constant data3 - assumed 'data3' F:\AppServ\www\2017\resume\Home\Lib\Action\IndexAction.class.php 第 19 行.
SQL: SHOW COLUMNS FROM `re_message` [ RunTime:0.005157s ]
SQL: SELECT * FROM `re_message`  [ RunTime:0.000748s ]
NOTIC: [8] Use of undefined constant data4 - assumed 'data4' F:\AppServ\www\2017\resume\Home\Lib\Action\IndexAction.class.php 第 23 行.
INFO: [ view_template ] --START--
INFO: Run LocationTemplate Behavior [ RunTime:0.004496s ]
INFO: [ view_template ] --END-- [ RunTime:0.004651s ]
INFO: [ view_parse ] --START--
INFO: Run ParseTemplate Behavior [ RunTime:0.043079s ]
INFO: [ view_parse ] --END-- [ RunTime:0.043229s ]
INFO: [ view_filter ] --START--
INFO: Run ContentReplace Behavior [ RunTime:0.004636s ]
INFO: Run TokenBuild Behavior [ RunTime:0.002457s ]
INFO: Run WriteHtmlCache Behavior [ RunTime:0.002910s ]
INFO: Run ShowRuntime Behavior [ RunTime:0.003113s ]
INFO: [ view_filter ] --END-- [ RunTime:0.013556s ]
INFO: [ view_end ] --START--
INFO: Run ShowPageTrace Behavior [ RunTime:0.004091s ]
INFO: [ view_end ] --END-- [ RunTime:0.004262s ]

[ 2017-12-15T16:56:58+08:00 ] 127.0.0.1 /2017/resume/
INFO: [ app_begin ] --START--
INFO: Run ReadHtmlCache Behavior [ RunTime:0.001077s ]
INFO: [ app_begin ] --END-- [ RunTime:0.001199s ]
SQL: SHOW COLUMNS FROM `re_resume` [ RunTime:0.004410s ]
SQL: SELECT * FROM `re_resume`  [ RunTime:0.001857s ]
NOTIC: [8] Use of undefined constant data - assumed 'data' F:\AppServ\www\2017\resume\Home\Lib\Action\IndexAction.class.php 第 7 行.
SQL: SHOW COLUMNS FROM `re_about` [ RunTime:0.004892s ]
SQL: SELECT * FROM `re_about`  [ RunTime:0.000365s ]
NOTIC: [8] Use of undefined constant data1 - assumed 'data1' F:\AppServ\www\2017\resume\Home\Lib\Action\IndexAction.class.php 第 11 行.
SQL: SHOW COLUMNS FROM `re_project` [ RunTime:0.003204s ]
SQL: SELECT * FROM `re_project`  [ RunTime:0.003192s ]
NOTIC: [8] Use of undefined constant data2 - assumed 'data2' F:\AppServ\www\2017\resume\Home\Lib\Action\IndexAction.class.php 第 15 行.
SQL: SHOW COLUMNS FROM `re_contact` [ RunTime:0.006712s ]
SQL: SELECT * FROM `re_contact`  [ RunTime:0.000989s ]
NOTIC: [8] Use of undefined constant data3 - assumed 'data3' F:\AppServ\www\2017\resume\Home\Lib\Action\IndexAction.class.php 第 19 行.
SQL: SHOW COLUMNS FROM `re_message` [ RunTime:0.003501s ]
SQL: SELECT * FROM `re_message`  [ RunTime:0.000637s ]
NOTIC: [8] Use of undefined constant data4 - assumed 'data4' F:\AppServ\www\2017\resume\Home\Lib\Action\IndexAction.class.php 第 23 行.
INFO: [ view_template ] --START--
INFO: Run LocationTemplate Behavior [ RunTime:0.005006s ]
INFO: [ view_template ] --END-- [ RunTime:0.005318s ]
INFO: [ view_parse ] --START--
INFO: Run ParseTemplate Behavior [ RunTime:0.041627s ]
INFO: [ view_parse ] --END-- [ RunTime:0.041826s ]
INFO: [ view_filter ] --START--
INFO: Run ContentReplace Behavior [ RunTime:0.002040s ]
INFO: Run TokenBuild Behavior [ RunTime:0.002933s ]
INFO: Run WriteHtmlCache Behavior [ RunTime:0.004497s ]
INFO: Run ShowRuntime Behavior [ RunTime:0.003462s ]
INFO: [ view_filter ] --END-- [ RunTime:0.013416s ]
INFO: [ view_end ] --START--
INFO: Run ShowPageTrace Behavior [ RunTime:0.002598s ]
INFO: [ view_end ] --END-- [ RunTime:0.002721s ]

[ 2017-12-15T16:57:53+08:00 ] 127.0.0.1 /2017/resume/
INFO: [ app_begin ] --START--
INFO: Run ReadHtmlCache Behavior [ RunTime:0.000652s ]
INFO: [ app_begin ] --END-- [ RunTime:0.000776s ]
SQL: SHOW COLUMNS FROM `re_resume` [ RunTime:0.003816s ]
SQL: SELECT * FROM `re_resume`  [ RunTime:0.001096s ]
NOTIC: [8] Use of undefined constant data - assumed 'data' F:\AppServ\www\2017\resume\Home\Lib\Action\IndexAction.class.php 第 7 行.
SQL: SHOW COLUMNS FROM `re_about` [ RunTime:0.005807s ]
SQL: SELECT * FROM `re_about`  [ RunTime:0.001133s ]
NOTIC: [8] Use of undefined constant data1 - assumed 'data1' F:\AppServ\www\2017\resume\Home\Lib\Action\IndexAction.class.php 第 11 行.
SQL: SHOW COLUMNS FROM `re_project` [ RunTime:0.004377s ]
SQL: SELECT * FROM `re_project` ORDER BY rank DESC  [ RunTime:0.000529s ]
NOTIC: [8] Use of undefined constant data2 - assumed 'data2' F:\AppServ\www\2017\resume\Home\Lib\Action\IndexAction.class.php 第 15 行.
SQL: SHOW COLUMNS FROM `re_contact` [ RunTime:0.005184s ]
SQL: SELECT * FROM `re_contact`  [ RunTime:0.001620s ]
NOTIC: [8] Use of undefined constant data3 - assumed 'data3' F:\AppServ\www\2017\resume\Home\Lib\Action\IndexAction.class.php 第 19 行.
SQL: SHOW COLUMNS FROM `re_message` [ RunTime:0.005259s ]
SQL: SELECT * FROM `re_message`  [ RunTime:0.000959s ]
NOTIC: [8] Use of undefined constant data4 - assumed 'data4' F:\AppServ\www\2017\resume\Home\Lib\Action\IndexAction.class.php 第 23 行.
INFO: [ view_template ] --START--
INFO: Run LocationTemplate Behavior [ RunTime:0.001435s ]
INFO: [ view_template ] --END-- [ RunTime:0.001556s ]
INFO: [ view_parse ] --START--
INFO: Run ParseTemplate Behavior [ RunTime:0.030759s ]
INFO: [ view_parse ] --END-- [ RunTime:0.030900s ]
INFO: [ view_filter ] --START--
INFO: Run ContentReplace Behavior [ RunTime:0.000539s ]
INFO: Run TokenBuild Behavior [ RunTime:0.000419s ]
INFO: Run WriteHtmlCache Behavior [ RunTime:0.000324s ]
INFO: Run ShowRuntime Behavior [ RunTime:0.000542s ]
INFO: [ view_filter ] --END-- [ RunTime:0.002057s ]
INFO: [ view_end ] --START--
INFO: Run ShowPageTrace Behavior [ RunTime:0.000971s ]
INFO: [ view_end ] --END-- [ RunTime:0.001141s ]

[ 2017-12-15T16:58:09+08:00 ] 127.0.0.1 /2017/resume/
INFO: [ app_begin ] --START--
INFO: Run ReadHtmlCache Behavior [ RunTime:0.002381s ]
INFO: [ app_begin ] --END-- [ RunTime:0.002559s ]
SQL: SHOW COLUMNS FROM `re_resume` [ RunTime:0.003088s ]
SQL: SELECT * FROM `re_resume`  [ RunTime:0.000476s ]
NOTIC: [8] Use of undefined constant data - assumed 'data' F:\AppServ\www\2017\resume\Home\Lib\Action\IndexAction.class.php 第 7 行.
SQL: SHOW COLUMNS FROM `re_about` [ RunTime:0.002854s ]
SQL: SELECT * FROM `re_about`  [ RunTime:0.000407s ]
NOTIC: [8] Use of undefined constant data1 - assumed 'data1' F:\AppServ\www\2017\resume\Home\Lib\Action\IndexAction.class.php 第 11 行.
SQL: SHOW COLUMNS FROM `re_project` [ RunTime:0.004966s ]
SQL: SELECT * FROM `re_project` ORDER BY rank DESC  [ RunTime:0.001655s ]
NOTIC: [8] Use of undefined constant data2 - assumed 'data2' F:\AppServ\www\2017\resume\Home\Lib\Action\IndexAction.class.php 第 15 行.
SQL: SHOW COLUMNS FROM `re_contact` [ RunTime:0.003219s ]
SQL: SELECT * FROM `re_contact`  [ RunTime:0.000610s ]
NOTIC: [8] Use of undefined constant data3 - assumed 'data3' F:\AppServ\www\2017\resume\Home\Lib\Action\IndexAction.class.php 第 19 行.
SQL: SHOW COLUMNS FROM `re_message` [ RunTime:0.003951s ]
SQL: SELECT * FROM `re_message`  [ RunTime:0.000341s ]
NOTIC: [8] Use of undefined constant data4 - assumed 'data4' F:\AppServ\www\2017\resume\Home\Lib\Action\IndexAction.class.php 第 23 行.
INFO: [ view_template ] --START--
INFO: Run LocationTemplate Behavior [ RunTime:0.000782s ]
INFO: [ view_template ] --END-- [ RunTime:0.000937s ]
INFO: [ view_parse ] --START--
INFO: Run ParseTemplate Behavior [ RunTime:0.029277s ]
INFO: [ view_parse ] --END-- [ RunTime:0.029397s ]
INFO: [ view_filter ] --START--
INFO: Run ContentReplace Behavior [ RunTime:0.000714s ]
INFO: Run TokenBuild Behavior [ RunTime:0.000904s ]
INFO: Run WriteHtmlCache Behavior [ RunTime:0.000466s ]
INFO: Run ShowRuntime Behavior [ RunTime:0.000817s ]
INFO: [ view_filter ] --END-- [ RunTime:0.003327s ]
INFO: [ view_end ] --START--
INFO: Run ShowPageTrace Behavior [ RunTime:0.001073s ]
INFO: [ view_end ] --END-- [ RunTime:0.001389s ]

[ 2017-12-15T17:00:32+08:00 ] 127.0.0.1 /2017/resume/
INFO: [ app_begin ] --START--
INFO: Run ReadHtmlCache Behavior [ RunTime:0.000995s ]
INFO: [ app_begin ] --END-- [ RunTime:0.001191s ]
SQL: SHOW COLUMNS FROM `re_resume` [ RunTime:0.002711s ]
SQL: SELECT * FROM `re_resume`  [ RunTime:0.000392s ]
NOTIC: [8] Use of undefined constant data - assumed 'data' F:\AppServ\www\2017\resume\Home\Lib\Action\IndexAction.class.php 第 7 行.
SQL: SHOW COLUMNS FROM `re_about` [ RunTime:0.002490s ]
SQL: SELECT * FROM `re_about`  [ RunTime:0.000329s ]
NOTIC: [8] Use of undefined constant data1 - assumed 'data1' F:\AppServ\www\2017\resume\Home\Lib\Action\IndexAction.class.php 第 11 行.
SQL: SHOW COLUMNS FROM `re_project` [ RunTime:0.004008s ]
SQL: SELECT * FROM `re_project` ORDER BY rank DESC  [ RunTime:0.002442s ]
NOTIC: [8] Use of undefined constant data2 - assumed 'data2' F:\AppServ\www\2017\resume\Home\Lib\Action\IndexAction.class.php 第 15 行.
SQL: SHOW COLUMNS FROM `re_contact` [ RunTime:0.005146s ]
SQL: SELECT * FROM `re_contact`  [ RunTime:0.000739s ]
NOTIC: [8] Use of undefined constant data3 - assumed 'data3' F:\AppServ\www\2017\resume\Home\Lib\Action\IndexAction.class.php 第 19 行.
SQL: SHOW COLUMNS FROM `re_message` [ RunTime:0.002609s ]
SQL: SELECT * FROM `re_message`  [ RunTime:0.000959s ]
NOTIC: [8] Use of undefined constant data4 - assumed 'data4' F:\AppServ\www\2017\resume\Home\Lib\Action\IndexAction.class.php 第 23 行.
INFO: [ view_template ] --START--
INFO: Run LocationTemplate Behavior [ RunTime:0.001804s ]
INFO: [ view_template ] --END-- [ RunTime:0.002037s ]
INFO: [ view_parse ] --START--
INFO: Run ParseTemplate Behavior [ RunTime:0.030226s ]
INFO: [ view_parse ] --END-- [ RunTime:0.030352s ]
INFO: [ view_filter ] --START--
INFO: Run ContentReplace Behavior [ RunTime:0.001004s ]
INFO: Run TokenBuild Behavior [ RunTime:0.000691s ]
INFO: Run WriteHtmlCache Behavior [ RunTime:0.000463s ]
INFO: Run ShowRuntime Behavior [ RunTime:0.000904s ]
INFO: [ view_filter ] --END-- [ RunTime:0.003526s ]
INFO: [ view_end ] --START--
INFO: Run ShowPageTrace Behavior [ RunTime:0.001965s ]
INFO: [ view_end ] --END-- [ RunTime:0.002267s ]

[ 2017-12-15T17:01:53+08:00 ] 127.0.0.1 /2017/resume/
INFO: [ app_begin ] --START--
INFO: Run ReadHtmlCache Behavior [ RunTime:0.001336s ]
INFO: [ app_begin ] --END-- [ RunTime:0.001550s ]
SQL: SHOW COLUMNS FROM `re_resume` [ RunTime:0.003299s ]
SQL: SELECT * FROM `re_resume`  [ RunTime:0.000310s ]
NOTIC: [8] Use of undefined constant data - assumed 'data' F:\AppServ\www\2017\resume\Home\Lib\Action\IndexAction.class.php 第 7 行.
SQL: SHOW COLUMNS FROM `re_about` [ RunTime:0.002430s ]
SQL: SELECT * FROM `re_about`  [ RunTime:0.000457s ]
NOTIC: [8] Use of undefined constant data1 - assumed 'data1' F:\AppServ\www\2017\resume\Home\Lib\Action\IndexAction.class.php 第 11 行.
SQL: SHOW COLUMNS FROM `re_project` [ RunTime:0.003880s ]
SQL: SELECT * FROM `re_project` ORDER BY rank DESC  [ RunTime:0.001291s ]
NOTIC: [8] Use of undefined constant data2 - assumed 'data2' F:\AppServ\www\2017\resume\Home\Lib\Action\IndexAction.class.php 第 15 行.
SQL: SHOW COLUMNS FROM `re_contact` [ RunTime:0.005675s ]
SQL: SELECT * FROM `re_contact`  [ RunTime:0.000434s ]
NOTIC: [8] Use of undefined constant data3 - assumed 'data3' F:\AppServ\www\2017\resume\Home\Lib\Action\IndexAction.class.php 第 19 行.
SQL: SHOW COLUMNS FROM `re_message` [ RunTime:0.003304s ]
SQL: SELECT * FROM `re_message`  [ RunTime:0.000635s ]
NOTIC: [8] Use of undefined constant data4 - assumed 'data4' F:\AppServ\www\2017\resume\Home\Lib\Action\IndexAction.class.php 第 23 行.
INFO: [ view_template ] --START--
INFO: Run LocationTemplate Behavior [ RunTime:0.002148s ]
INFO: [ view_template ] --END-- [ RunTime:0.002314s ]
INFO: [ view_parse ] --START--
INFO: Run ParseTemplate Behavior [ RunTime:0.033304s ]
INFO: [ view_parse ] --END-- [ RunTime:0.033489s ]
INFO: [ view_filter ] --START--
INFO: Run ContentReplace Behavior [ RunTime:0.000980s ]
INFO: Run TokenBuild Behavior [ RunTime:0.001005s ]
INFO: Run WriteHtmlCache Behavior [ RunTime:0.001168s ]
INFO: Run ShowRuntime Behavior [ RunTime:0.001300s ]
INFO: [ view_filter ] --END-- [ RunTime:0.005527s ]
INFO: [ view_end ] --START--
INFO: Run ShowPageTrace Behavior [ RunTime:0.001025s ]
INFO: [ view_end ] --END-- [ RunTime:0.001163s ]

[ 2017-12-15T17:01:55+08:00 ] 127.0.0.1 /2017/resume/
INFO: [ app_begin ] --START--
INFO: Run ReadHtmlCache Behavior [ RunTime:0.001919s ]
INFO: [ app_begin ] --END-- [ RunTime:0.002099s ]
SQL: SHOW COLUMNS FROM `re_resume` [ RunTime:0.003431s ]
SQL: SELECT * FROM `re_resume`  [ RunTime:0.000297s ]
NOTIC: [8] Use of undefined constant data - assumed 'data' F:\AppServ\www\2017\resume\Home\Lib\Action\IndexAction.class.php 第 7 行.
SQL: SHOW COLUMNS FROM `re_about` [ RunTime:0.002364s ]
SQL: SELECT * FROM `re_about`  [ RunTime:0.000356s ]
NOTIC: [8] Use of undefined constant data1 - assumed 'data1' F:\AppServ\www\2017\resume\Home\Lib\Action\IndexAction.class.php 第 11 行.
SQL: SHOW COLUMNS FROM `re_project` [ RunTime:0.003704s ]
SQL: SELECT * FROM `re_project` ORDER BY rank DESC  [ RunTime:0.001144s ]
NOTIC: [8] Use of undefined constant data2 - assumed 'data2' F:\AppServ\www\2017\resume\Home\Lib\Action\IndexAction.class.php 第 15 行.
SQL: SHOW COLUMNS FROM `re_contact` [ RunTime:0.005326s ]
SQL: SELECT * FROM `re_contact`  [ RunTime:0.000834s ]
NOTIC: [8] Use of undefined constant data3 - assumed 'data3' F:\AppServ\www\2017\resume\Home\Lib\Action\IndexAction.class.php 第 19 行.
SQL: SHOW COLUMNS FROM `re_message` [ RunTime:0.002684s ]
SQL: SELECT * FROM `re_message`  [ RunTime:0.000453s ]
NOTIC: [8] Use of undefined constant data4 - assumed 'data4' F:\AppServ\www\2017\resume\Home\Lib\Action\IndexAction.class.php 第 23 行.
INFO: [ view_template ] --START--
INFO: Run LocationTemplate Behavior [ RunTime:0.000490s ]
INFO: [ view_template ] --END-- [ RunTime:0.000686s ]
INFO: [ view_parse ] --START--
INFO: Run ParseTemplate Behavior [ RunTime:0.031632s ]
INFO: [ view_parse ] --END-- [ RunTime:0.031755s ]
INFO: [ view_filter ] --START--
INFO: Run ContentReplace Behavior [ RunTime:0.000623s ]
INFO: Run TokenBuild Behavior [ RunTime:0.000456s ]
INFO: Run WriteHtmlCache Behavior [ RunTime:0.000313s ]
INFO: Run ShowRuntime Behavior [ RunTime:0.000530s ]
INFO: [ view_filter ] --END-- [ RunTime:0.002201s ]
INFO: [ view_end ] --START--
INFO: Run ShowPageTrace Behavior [ RunTime:0.000980s ]
INFO: [ view_end ] --END-- [ RunTime:0.001094s ]

[ 2017-12-15T17:02:08+08:00 ] 127.0.0.1 /2017/resume/
INFO: [ app_begin ] --START--
INFO: Run ReadHtmlCache Behavior [ RunTime:0.001285s ]
INFO: [ app_begin ] --END-- [ RunTime:0.001469s ]
SQL: SHOW COLUMNS FROM `re_resume` [ RunTime:0.003309s ]
SQL: SELECT * FROM `re_resume`  [ RunTime:0.000668s ]
NOTIC: [8] Use of undefined constant data - assumed 'data' F:\AppServ\www\2017\resume\Home\Lib\Action\IndexAction.class.php 第 7 行.
SQL: SHOW COLUMNS FROM `re_about` [ RunTime:0.006834s ]
SQL: SELECT * FROM `re_about`  [ RunTime:0.000272s ]
NOTIC: [8] Use of undefined constant data1 - assumed 'data1' F:\AppServ\www\2017\resume\Home\Lib\Action\IndexAction.class.php 第 11 行.
SQL: SHOW COLUMNS FROM `re_project` [ RunTime:0.002826s ]
SQL: SELECT * FROM `re_project` ORDER BY rank DESC  [ RunTime:0.000739s ]
NOTIC: [8] Use of undefined constant data2 - assumed 'data2' F:\AppServ\www\2017\resume\Home\Lib\Action\IndexAction.class.php 第 15 行.
SQL: SHOW COLUMNS FROM `re_contact` [ RunTime:0.003680s ]
SQL: SELECT * FROM `re_contact`  [ RunTime:0.001137s ]
NOTIC: [8] Use of undefined constant data3 - assumed 'data3' F:\AppServ\www\2017\resume\Home\Lib\Action\IndexAction.class.php 第 19 行.
SQL: SHOW COLUMNS FROM `re_message` [ RunTime:0.005006s ]
SQL: SELECT * FROM `re_message`  [ RunTime:0.000782s ]
NOTIC: [8] Use of undefined constant data4 - assumed 'data4' F:\AppServ\www\2017\resume\Home\Lib\Action\IndexAction.class.php 第 23 行.
INFO: [ view_template ] --START--
INFO: Run LocationTemplate Behavior [ RunTime:0.001346s ]
INFO: [ view_template ] --END-- [ RunTime:0.001451s ]
INFO: [ view_parse ] --START--
INFO: Run ParseTemplate Behavior [ RunTime:0.028535s ]
INFO: [ view_parse ] --END-- [ RunTime:0.028665s ]
INFO: [ view_filter ] --START--
INFO: Run ContentReplace Behavior [ RunTime:0.000781s ]
INFO: Run TokenBuild Behavior [ RunTime:0.000531s ]
INFO: Run WriteHtmlCache Behavior [ RunTime:0.000393s ]
INFO: Run ShowRuntime Behavior [ RunTime:0.000525s ]
INFO: [ view_filter ] --END-- [ RunTime:0.002505s ]
INFO: [ view_end ] --START--
INFO: Run ShowPageTrace Behavior [ RunTime:0.000671s ]
INFO: [ view_end ] --END-- [ RunTime:0.000753s ]

[ 2017-12-15T17:02:26+08:00 ] 127.0.0.1 /2017/resume/
INFO: [ app_begin ] --START--
INFO: Run ReadHtmlCache Behavior [ RunTime:0.000746s ]
INFO: [ app_begin ] --END-- [ RunTime:0.000866s ]
SQL: SHOW COLUMNS FROM `re_resume` [ RunTime:0.003914s ]
SQL: SELECT * FROM `re_resume`  [ RunTime:0.000363s ]
NOTIC: [8] Use of undefined constant data - assumed 'data' F:\AppServ\www\2017\resume\Home\Lib\Action\IndexAction.class.php 第 7 行.
SQL: SHOW COLUMNS FROM `re_about` [ RunTime:0.004361s ]
SQL: SELECT * FROM `re_about`  [ RunTime:0.001241s ]
NOTIC: [8] Use of undefined constant data1 - assumed 'data1' F:\AppServ\www\2017\resume\Home\Lib\Action\IndexAction.class.php 第 11 行.
SQL: SHOW COLUMNS FROM `re_project` [ RunTime:0.003840s ]
SQL: SELECT * FROM `re_project` ORDER BY rank DESC  [ RunTime:0.000402s ]
NOTIC: [8] Use of undefined constant data2 - assumed 'data2' F:\AppServ\www\2017\resume\Home\Lib\Action\IndexAction.class.php 第 15 行.
SQL: SHOW COLUMNS FROM `re_contact` [ RunTime:0.004442s ]
SQL: SELECT * FROM `re_contact`  [ RunTime:0.000351s ]
NOTIC: [8] Use of undefined constant data3 - assumed 'data3' F:\AppServ\www\2017\resume\Home\Lib\Action\IndexAction.class.php 第 19 行.
SQL: SHOW COLUMNS FROM `re_message` [ RunTime:0.005546s ]
SQL: SELECT * FROM `re_message`  [ RunTime:0.001106s ]
NOTIC: [8] Use of undefined constant data4 - assumed 'data4' F:\AppServ\www\2017\resume\Home\Lib\Action\IndexAction.class.php 第 23 行.
INFO: [ view_template ] --START--
INFO: Run LocationTemplate Behavior [ RunTime:0.000593s ]
INFO: [ view_template ] --END-- [ RunTime:0.000698s ]
INFO: [ view_parse ] --START--
INFO: Run ParseTemplate Behavior [ RunTime:0.029311s ]
INFO: [ view_parse ] --END-- [ RunTime:0.029442s ]
INFO: [ view_filter ] --START--
INFO: Run ContentReplace Behavior [ RunTime:0.000781s ]
INFO: Run TokenBuild Behavior [ RunTime:0.000831s ]
INFO: Run WriteHtmlCache Behavior [ RunTime:0.000374s ]
INFO: Run ShowRuntime Behavior [ RunTime:0.000551s ]
INFO: [ view_filter ] --END-- [ RunTime:0.002904s ]
INFO: [ view_end ] --START--
INFO: Run ShowPageTrace Behavior [ RunTime:0.000712s ]
INFO: [ view_end ] --END-- [ RunTime:0.000795s ]

[ 2017-12-15T17:04:01+08:00 ] 127.0.0.1 /2017/resume/
INFO: [ app_begin ] --START--
INFO: Run ReadHtmlCache Behavior [ RunTime:0.000716s ]
INFO: [ app_begin ] --END-- [ RunTime:0.000842s ]
SQL: SHOW COLUMNS FROM `re_resume` [ RunTime:0.002829s ]
SQL: SELECT * FROM `re_resume`  [ RunTime:0.001341s ]
NOTIC: [8] Use of undefined constant data - assumed 'data' F:\AppServ\www\2017\resume\Home\Lib\Action\IndexAction.class.php 第 7 行.
SQL: SHOW COLUMNS FROM `re_about` [ RunTime:0.005604s ]
SQL: SELECT * FROM `re_about`  [ RunTime:0.001368s ]
NOTIC: [8] Use of undefined constant data1 - assumed 'data1' F:\AppServ\www\2017\resume\Home\Lib\Action\IndexAction.class.php 第 11 行.
SQL: SHOW COLUMNS FROM `re_project` [ RunTime:0.004226s ]
SQL: SELECT * FROM `re_project` ORDER BY rank DESC  [ RunTime:0.000746s ]
NOTIC: [8] Use of undefined constant data2 - assumed 'data2' F:\AppServ\www\2017\resume\Home\Lib\Action\IndexAction.class.php 第 15 行.
SQL: SHOW COLUMNS FROM `re_contact` [ RunTime:0.003975s ]
SQL: SELECT * FROM `re_contact`  [ RunTime:0.001004s ]
NOTIC: [8] Use of undefined constant data3 - assumed 'data3' F:\AppServ\www\2017\resume\Home\Lib\Action\IndexAction.class.php 第 19 行.
SQL: SHOW COLUMNS FROM `re_message` [ RunTime:0.005576s ]
SQL: SELECT * FROM `re_message`  [ RunTime:0.001159s ]
NOTIC: [8] Use of undefined constant data4 - assumed 'data4' F:\AppServ\www\2017\resume\Home\Lib\Action\IndexAction.class.php 第 23 行.
INFO: [ view_template ] --START--
INFO: Run LocationTemplate Behavior [ RunTime:0.003353s ]
INFO: [ view_template ] --END-- [ RunTime:0.003468s ]
INFO: [ view_parse ] --START--
INFO: Run ParseTemplate Behavior [ RunTime:0.037652s ]
INFO: [ view_parse ] --END-- [ RunTime:0.037921s ]
INFO: [ view_filter ] --START--
INFO: Run ContentReplace Behavior [ RunTime:0.003113s ]
INFO: Run TokenBuild Behavior [ RunTime:0.003045s ]
INFO: Run WriteHtmlCache Behavior [ RunTime:0.002357s ]
INFO: Run ShowRuntime Behavior [ RunTime:0.002091s ]
INFO: [ view_filter ] --END-- [ RunTime:0.011131s ]
INFO: [ view_end ] --START--
INFO: Run ShowPageTrace Behavior [ RunTime:0.002181s ]
INFO: [ view_end ] --END-- [ RunTime:0.002265s ]

[ 2017-12-15T17:04:06+08:00 ] 127.0.0.1 /2017/resume/
INFO: [ app_begin ] --START--
INFO: Run ReadHtmlCache Behavior [ RunTime:0.000634s ]
INFO: [ app_begin ] --END-- [ RunTime:0.000753s ]
SQL: SHOW COLUMNS FROM `re_resume` [ RunTime:0.003905s ]
SQL: SELECT * FROM `re_resume`  [ RunTime:0.001036s ]
NOTIC: [8] Use of undefined constant data - assumed 'data' F:\AppServ\www\2017\resume\Home\Lib\Action\IndexAction.class.php 第 7 行.
SQL: SHOW COLUMNS FROM `re_about` [ RunTime:0.005316s ]
SQL: SELECT * FROM `re_about`  [ RunTime:0.000973s ]
NOTIC: [8] Use of undefined constant data1 - assumed 'data1' F:\AppServ\www\2017\resume\Home\Lib\Action\IndexAction.class.php 第 11 行.
SQL: SHOW COLUMNS FROM `re_project` [ RunTime:0.003692s ]
SQL: SELECT * FROM `re_project` ORDER BY rank DESC  [ RunTime:0.000791s ]
NOTIC: [8] Use of undefined constant data2 - assumed 'data2' F:\AppServ\www\2017\resume\Home\Lib\Action\IndexAction.class.php 第 15 行.
SQL: SHOW COLUMNS FROM `re_contact` [ RunTime:0.002959s ]
SQL: SELECT * FROM `re_contact`  [ RunTime:0.001096s ]
NOTIC: [8] Use of undefined constant data3 - assumed 'data3' F:\AppServ\www\2017\resume\Home\Lib\Action\IndexAction.class.php 第 19 行.
SQL: SHOW COLUMNS FROM `re_message` [ RunTime:0.005962s ]
SQL: SELECT * FROM `re_message`  [ RunTime:0.000725s ]
NOTIC: [8] Use of undefined constant data4 - assumed 'data4' F:\AppServ\www\2017\resume\Home\Lib\Action\IndexAction.class.php 第 23 行.
INFO: [ view_template ] --START--
INFO: Run LocationTemplate Behavior [ RunTime:0.003578s ]
INFO: [ view_template ] --END-- [ RunTime:0.003706s ]
INFO: [ view_parse ] --START--
INFO: Run ParseTemplate Behavior [ RunTime:0.039698s ]
INFO: [ view_parse ] --END-- [ RunTime:0.040023s ]
INFO: [ view_filter ] --START--
INFO: Run ContentReplace Behavior [ RunTime:0.005639s ]
INFO: Run TokenBuild Behavior [ RunTime:0.003037s ]
INFO: Run WriteHtmlCache Behavior [ RunTime:0.001907s ]
INFO: Run ShowRuntime Behavior [ RunTime:0.002220s ]
INFO: [ view_filter ] --END-- [ RunTime:0.013269s ]
INFO: [ view_end ] --START--
INFO: Run ShowPageTrace Behavior [ RunTime:0.004735s ]
INFO: [ view_end ] --END-- [ RunTime:0.005241s ]

[ 2017-12-15T17:05:48+08:00 ] 127.0.0.1 /2017/resume/
INFO: [ app_begin ] --START--
INFO: Run ReadHtmlCache Behavior [ RunTime:0.000689s ]
INFO: [ app_begin ] --END-- [ RunTime:0.000810s ]
SQL: SHOW COLUMNS FROM `re_resume` [ RunTime:0.004888s ]
SQL: SELECT * FROM `re_resume`  [ RunTime:0.000733s ]
NOTIC: [8] Use of undefined constant data - assumed 'data' F:\AppServ\www\2017\resume\Home\Lib\Action\IndexAction.class.php 第 7 行.
SQL: SHOW COLUMNS FROM `re_about` [ RunTime:0.005233s ]
SQL: SELECT * FROM `re_about`  [ RunTime:0.001268s ]
NOTIC: [8] Use of undefined constant data1 - assumed 'data1' F:\AppServ\www\2017\resume\Home\Lib\Action\IndexAction.class.php 第 11 行.
SQL: SHOW COLUMNS FROM `re_project` [ RunTime:0.003319s ]
SQL: SELECT * FROM `re_project` ORDER BY rank DESC  [ RunTime:0.000698s ]
NOTIC: [8] Use of undefined constant data2 - assumed 'data2' F:\AppServ\www\2017\resume\Home\Lib\Action\IndexAction.class.php 第 15 行.
SQL: SHOW COLUMNS FROM `re_contact` [ RunTime:0.003553s ]
SQL: SELECT * FROM `re_contact`  [ RunTime:0.001077s ]
NOTIC: [8] Use of undefined constant data3 - assumed 'data3' F:\AppServ\www\2017\resume\Home\Lib\Action\IndexAction.class.php 第 19 行.
SQL: SHOW COLUMNS FROM `re_message` [ RunTime:0.004739s ]
SQL: SELECT * FROM `re_message`  [ RunTime:0.001264s ]
NOTIC: [8] Use of undefined constant data4 - assumed 'data4' F:\AppServ\www\2017\resume\Home\Lib\Action\IndexAction.class.php 第 23 行.
INFO: [ view_template ] --START--
INFO: Run LocationTemplate Behavior [ RunTime:0.001596s ]
INFO: [ view_template ] --END-- [ RunTime:0.001727s ]
INFO: [ view_parse ] --START--
INFO: Run ParseTemplate Behavior [ RunTime:0.032950s ]
INFO: [ view_parse ] --END-- [ RunTime:0.033072s ]
INFO: [ view_filter ] --START--
INFO: Run ContentReplace Behavior [ RunTime:0.000582s ]
INFO: Run TokenBuild Behavior [ RunTime:0.000610s ]
INFO: Run WriteHtmlCache Behavior [ RunTime:0.000439s ]
INFO: Run ShowRuntime Behavior [ RunTime:0.000784s ]
INFO: [ view_filter ] --END-- [ RunTime:0.002746s ]
INFO: [ view_end ] --START--
INFO: Run ShowPageTrace Behavior [ RunTime:0.000708s ]
INFO: [ view_end ] --END-- [ RunTime:0.000788s ]

[ 2017-12-15T17:07:46+08:00 ] 127.0.0.1 /2017/resume/
INFO: [ app_begin ] --START--
INFO: Run ReadHtmlCache Behavior [ RunTime:0.000997s ]
INFO: [ app_begin ] --END-- [ RunTime:0.001166s ]
SQL: SHOW COLUMNS FROM `re_resume` [ RunTime:0.004927s ]
SQL: SELECT * FROM `re_resume`  [ RunTime:0.002292s ]
NOTIC: [8] Use of undefined constant data - assumed 'data' F:\AppServ\www\2017\resume\Home\Lib\Action\IndexAction.class.php 第 7 行.
SQL: SHOW COLUMNS FROM `re_about` [ RunTime:0.004180s ]
SQL: SELECT * FROM `re_about`  [ RunTime:0.000738s ]
NOTIC: [8] Use of undefined constant data1 - assumed 'data1' F:\AppServ\www\2017\resume\Home\Lib\Action\IndexAction.class.php 第 11 行.
SQL: SHOW COLUMNS FROM `re_project` [ RunTime:0.002980s ]
SQL: SELECT * FROM `re_project` ORDER BY rank DESC  [ RunTime:0.000749s ]
NOTIC: [8] Use of undefined constant data2 - assumed 'data2' F:\AppServ\www\2017\resume\Home\Lib\Action\IndexAction.class.php 第 15 行.
SQL: SHOW COLUMNS FROM `re_contact` [ RunTime:0.005436s ]
SQL: SELECT * FROM `re_contact`  [ RunTime:0.000942s ]
NOTIC: [8] Use of undefined constant data3 - assumed 'data3' F:\AppServ\www\2017\resume\Home\Lib\Action\IndexAction.class.php 第 19 行.
SQL: SHOW COLUMNS FROM `re_message` [ RunTime:0.002719s ]
SQL: SELECT * FROM `re_message`  [ RunTime:0.000354s ]
NOTIC: [8] Use of undefined constant data4 - assumed 'data4' F:\AppServ\www\2017\resume\Home\Lib\Action\IndexAction.class.php 第 23 行.
INFO: [ view_template ] --START--
INFO: Run LocationTemplate Behavior [ RunTime:0.000498s ]
INFO: [ view_template ] --END-- [ RunTime:0.000602s ]
INFO: [ view_parse ] --START--
INFO: Run ParseTemplate Behavior [ RunTime:0.028731s ]
INFO: [ view_parse ] --END-- [ RunTime:0.028893s ]
INFO: [ view_filter ] --START--
INFO: Run ContentReplace Behavior [ RunTime:0.000740s ]
INFO: Run TokenBuild Behavior [ RunTime:0.000520s ]
INFO: Run WriteHtmlCache Behavior [ RunTime:0.000292s ]
INFO: Run ShowRuntime Behavior [ RunTime:0.000525s ]
INFO: [ view_filter ] --END-- [ RunTime:0.002353s ]
INFO: [ view_end ] --START--
INFO: Run ShowPageTrace Behavior [ RunTime:0.000682s ]
INFO: [ view_end ] --END-- [ RunTime:0.000769s ]

[ 2017-12-15T17:09:43+08:00 ] 127.0.0.1 /2017/resume/index.php/Index/do_message
INFO: [ route_check ] --START--
INFO: Run CheckRoute Behavior [ RunTime:0.002030s ]
INFO: [ route_check ] --END-- [ RunTime:0.002174s ]
INFO: [ app_begin ] --START--
INFO: Run ReadHtmlCache Behavior [ RunTime:0.001413s ]
INFO: [ app_begin ] --END-- [ RunTime:0.001506s ]
SQL: SHOW COLUMNS FROM `re_message` [ RunTime:0.007733s ]
SQL: INSERT INTO `re_message` (`name`,`email`,`message`,`time`) VALUES ('jason','123@qq.com','我爱你',1513328983) [ RunTime:0.000926s ]
INFO: [ view_template ] --START--
INFO: Run LocationTemplate Behavior [ RunTime:0.002237s ]
INFO: [ view_template ] --END-- [ RunTime:0.002386s ]
INFO: [ view_parse ] --START--
INFO: Run ParseTemplate Behavior [ RunTime:0.015634s ]
INFO: [ view_parse ] --END-- [ RunTime:0.015805s ]
INFO: [ view_filter ] --START--
INFO: Run ContentReplace Behavior [ RunTime:0.000602s ]
INFO: Run TokenBuild Behavior [ RunTime:0.000602s ]
INFO: Run WriteHtmlCache Behavior [ RunTime:0.000403s ]
INFO: Run ShowRuntime Behavior [ RunTime:0.000757s ]
INFO: [ view_filter ] --END-- [ RunTime:0.002707s ]
INFO: [ view_end ] --START--
INFO: Run ShowPageTrace Behavior [ RunTime:0.001211s ]
INFO: [ view_end ] --END-- [ RunTime:0.001433s ]

[ 2017-12-15T17:09:43+08:00 ] ERR: (ThinkException) 非法操作:assets
[ 2017-12-15T17:09:44+08:00 ] 127.0.0.1 /2017/resume/index.php/Index/index
INFO: [ route_check ] --START--
INFO: Run CheckRoute Behavior [ RunTime:0.000975s ]
INFO: [ route_check ] --END-- [ RunTime:0.001087s ]
INFO: [ app_begin ] --START--
INFO: Run ReadHtmlCache Behavior [ RunTime:0.000641s ]
INFO: [ app_begin ] --END-- [ RunTime:0.000726s ]
SQL: SHOW COLUMNS FROM `re_resume` [ RunTime:0.002779s ]
SQL: SELECT * FROM `re_resume`  [ RunTime:0.000434s ]
NOTIC: [8] Use of undefined constant data - assumed 'data' F:\AppServ\www\2017\resume\Home\Lib\Action\IndexAction.class.php 第 7 行.
SQL: SHOW COLUMNS FROM `re_about` [ RunTime:0.003703s ]
SQL: SELECT * FROM `re_about`  [ RunTime:0.000331s ]
NOTIC: [8] Use of undefined constant data1 - assumed 'data1' F:\AppServ\www\2017\resume\Home\Lib\Action\IndexAction.class.php 第 11 行.
SQL: SHOW COLUMNS FROM `re_project` [ RunTime:0.002917s ]
SQL: SELECT * FROM `re_project` ORDER BY rank DESC  [ RunTime:0.000587s ]
NOTIC: [8] Use of undefined constant data2 - assumed 'data2' F:\AppServ\www\2017\resume\Home\Lib\Action\IndexAction.class.php 第 15 行.
SQL: SHOW COLUMNS FROM `re_contact` [ RunTime:0.003466s ]
SQL: SELECT * FROM `re_contact`  [ RunTime:0.000230s ]
NOTIC: [8] Use of undefined constant data3 - assumed 'data3' F:\AppServ\www\2017\resume\Home\Lib\Action\IndexAction.class.php 第 19 行.
SQL: SHOW COLUMNS FROM `re_message` [ RunTime:0.002681s ]
SQL: SELECT * FROM `re_message`  [ RunTime:0.000487s ]
NOTIC: [8] Use of undefined constant data4 - assumed 'data4' F:\AppServ\www\2017\resume\Home\Lib\Action\IndexAction.class.php 第 23 行.
INFO: [ view_template ] --START--
INFO: Run LocationTemplate Behavior [ RunTime:0.002201s ]
INFO: [ view_template ] --END-- [ RunTime:0.002301s ]
INFO: [ view_parse ] --START--
INFO: Run ParseTemplate Behavior [ RunTime:0.027875s ]
INFO: [ view_parse ] --END-- [ RunTime:0.027995s ]
INFO: [ view_filter ] --START--
INFO: Run ContentReplace Behavior [ RunTime:0.001331s ]
INFO: Run TokenBuild Behavior [ RunTime:0.001183s ]
INFO: Run WriteHtmlCache Behavior [ RunTime:0.001041s ]
INFO: Run ShowRuntime Behavior [ RunTime:0.002655s ]
INFO: [ view_filter ] --END-- [ RunTime:0.006507s ]
INFO: [ view_end ] --START--
INFO: Run ShowPageTrace Behavior [ RunTime:0.001589s ]
INFO: [ view_end ] --END-- [ RunTime:0.001675s ]

[ 2017-12-15T17:09:44+08:00 ] ERR: (ThinkException) 非法操作:apple-touch-icon
[ 2017-12-15T17:12:43+08:00 ] 127.0.0.1 /2017/resume/index.php/Index/do_message
INFO: [ route_check ] --START--
INFO: Run CheckRoute Behavior [ RunTime:0.002190s ]
INFO: [ route_check ] --END-- [ RunTime:0.002339s ]
INFO: [ app_begin ] --START--
INFO: Run ReadHtmlCache Behavior [ RunTime:0.001422s ]
INFO: [ app_begin ] --END-- [ RunTime:0.001517s ]
SQL: SHOW COLUMNS FROM `re_message` [ RunTime:0.003901s ]
SQL: INSERT INTO `re_message` (`name`,`email`,`message`,`time`) VALUES ('shelly','123@qq.com','heiehi',1513329163) [ RunTime:0.000627s ]
INFO: [ view_template ] --START--
INFO: Run LocationTemplate Behavior [ RunTime:0.002708s ]
INFO: [ view_template ] --END-- [ RunTime:0.002860s ]
INFO: [ view_parse ] --START--
INFO: Run ParseTemplate Behavior [ RunTime:0.018640s ]
INFO: [ view_parse ] --END-- [ RunTime:0.018872s ]
INFO: [ view_filter ] --START--
INFO: Run ContentReplace Behavior [ RunTime:0.002609s ]
INFO: Run TokenBuild Behavior [ RunTime:0.002695s ]
INFO: Run WriteHtmlCache Behavior [ RunTime:0.001744s ]
INFO: Run ShowRuntime Behavior [ RunTime:0.001388s ]
INFO: [ view_filter ] --END-- [ RunTime:0.008989s ]
INFO: [ view_end ] --START--
INFO: Run ShowPageTrace Behavior [ RunTime:0.001449s ]
INFO: [ view_end ] --END-- [ RunTime:0.001529s ]

[ 2017-12-15T17:12:43+08:00 ] ERR: (ThinkException) 非法操作:assets
[ 2017-12-15T17:12:44+08:00 ] 127.0.0.1 /2017/resume/index.php/Index/index
INFO: [ route_check ] --START--
INFO: Run CheckRoute Behavior [ RunTime:0.001000s ]
INFO: [ route_check ] --END-- [ RunTime:0.001118s ]
INFO: [ app_begin ] --START--
INFO: Run ReadHtmlCache Behavior [ RunTime:0.000622s ]
INFO: [ app_begin ] --END-- [ RunTime:0.000708s ]
SQL: SHOW COLUMNS FROM `re_resume` [ RunTime:0.002934s ]
SQL: SELECT * FROM `re_resume`  [ RunTime:0.000664s ]
NOTIC: [8] Use of undefined constant data - assumed 'data' F:\AppServ\www\2017\resume\Home\Lib\Action\IndexAction.class.php 第 7 行.
SQL: SHOW COLUMNS FROM `re_about` [ RunTime:0.002500s ]
SQL: SELECT * FROM `re_about`  [ RunTime:0.000365s ]
NOTIC: [8] Use of undefined constant data1 - assumed 'data1' F:\AppServ\www\2017\resume\Home\Lib\Action\IndexAction.class.php 第 11 行.
SQL: SHOW COLUMNS FROM `re_project` [ RunTime:0.002724s ]
SQL: SELECT * FROM `re_project` ORDER BY rank DESC  [ RunTime:0.000534s ]
NOTIC: [8] Use of undefined constant data2 - assumed 'data2' F:\AppServ\www\2017\resume\Home\Lib\Action\IndexAction.class.php 第 15 行.
SQL: SHOW COLUMNS FROM `re_contact` [ RunTime:0.004400s ]
SQL: SELECT * FROM `re_contact`  [ RunTime:0.001018s ]
NOTIC: [8] Use of undefined constant data3 - assumed 'data3' F:\AppServ\www\2017\resume\Home\Lib\Action\IndexAction.class.php 第 19 行.
SQL: SHOW COLUMNS FROM `re_message` [ RunTime:0.003454s ]
SQL: SELECT * FROM `re_message`  [ RunTime:0.000665s ]
NOTIC: [8] Use of undefined constant data4 - assumed 'data4' F:\AppServ\www\2017\resume\Home\Lib\Action\IndexAction.class.php 第 23 行.
INFO: [ view_template ] --START--
INFO: Run LocationTemplate Behavior [ RunTime:0.001317s ]
INFO: [ view_template ] --END-- [ RunTime:0.001408s ]
INFO: [ view_parse ] --START--
INFO: Run ParseTemplate Behavior [ RunTime:0.024091s ]
INFO: [ view_parse ] --END-- [ RunTime:0.024218s ]
INFO: [ view_filter ] --START--
INFO: Run ContentReplace Behavior [ RunTime:0.000594s ]
INFO: Run TokenBuild Behavior [ RunTime:0.000435s ]
INFO: Run WriteHtmlCache Behavior [ RunTime:0.000707s ]
INFO: Run ShowRuntime Behavior [ RunTime:0.000520s ]
INFO: [ view_filter ] --END-- [ RunTime:0.002493s ]
INFO: [ view_end ] --START--
INFO: Run ShowPageTrace Behavior [ RunTime:0.000663s ]
INFO: [ view_end ] --END-- [ RunTime:0.000740s ]

